-419554704
#f
1983114120
#t
69590612
196864192
#t
-47780166
351498606
#f
-319452307
966824461/490051
-1110951267
-1109472251
#t
#f
776195513
#t
966818960
-707584469
1654420467
1994069868/806111
#f
#t
1358677382
#t
-12896204/85271
#f
-1340088064
733019951
165173827/26140
#f
#f
#f
-265568414
#f
163950005/25657
1234764912
#f
#t
571710535
#f
224908001/169778
-179010616
1928132959
310759350
391744849
-667972767/165356
-794525862
-1168458114
-70311665/173407
#t
-2076534204
1674456963
#f
1079693957
#f
-237053103
#f
-1510597398
360671902/306449
346621379
#t
36193934
-727602018
179525769
1547061462
357311217/231350
156067059
#t
#f
-876582176/376917
10063252
#f
#f
-1830872975
#f
#f
#f
91283696
#f
236751684
236751684
147519015
#f
#t
-1582791349/118044
386946494
#f
1296113926/270671
-123957170
51325467/459740
#f
-1327363649
298095242/274247
#t
1187659308
#f
#f
540950622
-280175079
#t
1408792986
-1281304013
-1372159026
1336060033
-1845315325
-106565419/149071
#t
222252347
#f
755306195
-925634711
418495428
840852079/412486
504552161
#t
-1859533695/378173
-893670746
-445456648
-30885343/14974
-1072167817
-1265748122
-698171082
736447918/746191
-690556080/677849
927801889
233119694/374003
#t
-2113873749
365184136
-209009105/54763
-670911938
#f
1386635266
#f
38443481/60724
#t
-418809022
#t
188765611
#t
#f
573978240
#f
1077833030
495242206
-1756152073
980960453
151157566
283448198
406183480
-737458113/445057
1933519208
#t
389204615/859601
#f
-1088510219
#t
2036015938
534544936
-701607287/269466
#f
-81068986
-833027503/872701
#t
#t
656655236
#f
-863980405
-1318872600
-1898750750
-1889610789
-138407824
890913524
-386655470
206985445
-1414790369
560296669
#f
-1023622784
#f
-454965915
631128840
951281690
#t
-462082106
-1673186987/986206
#f
#f
-47479743/100057
-321738298
#t
#t
-72755076/48341
-1983054554
66985492
-819996642
#f
#f
#t
627616697/983764
-120278692
38803861/18727
#f
-1632466532
-2014711154
#t
-729918374/958423
1143957519/775933
#f
#f
-17626987
-114880713
1328624032
-240811862
-1195520192
-931901516
#f
431960059
#t
104918194/43469
-4634448
1445449797
599506492
-1705606092
#f
#t
-598555869
#f
#f
247093870
2077957391
#f
#f
#t
#t
#f
#t
#f
-1890011592
-642524162
#f
-1917256150
270962314
#t
505359952
-548069256
#f
16885830
560545406
-1453840846
#f
1343293166
#t
-150233979
-741376615
#t
-795229867
624667552
-223417647
#f
-3731185
#f
#f
-1705624581/5861
828617057/500126
-559283137
1421289725
#t
#f
#f
#f
-16001381
1402421862
#f
946082677
-1092050567
#t
-326442380
#f
698451216
129772688
#t
-140463006/84983
-1519785692
933987631
260604359
2099522552
#t
-2096269992
-223454743/890487
#t
141828881
659317164
#f
401105534
#f
#f
-100187310/142553
1883787112
-421104712
#t
-837665540/381261
1997758298/924659
1712088569
2122389628
#t
#f
-452918483/836851
#f
141636338
#f
1494027615
-489186199
706928248
#t
-709651559
78676044/322967
-1130961214
-2132321372
#f
#f
1816952200
-546171431/658583
-810580673/720662
#f
333551975/213322
#t
657299394
1555462216
#f
-484258580
-1578420853/256677
-1891035203
755522789
#f
1356768130
#t
-1292868548
574624338
-193668068/74517
175715695
489475614
#f
206276018
#t
#t
-42981153
-9254986
-992565694
#f
-978556427
821835956
-2015161544
1459941545
#t
#f
1360390140
1323427647
#t
-832044671
#f
802806601
#t
#t
-148288218/432745
687072086/388705
-113146782
-1173550793/272129
-304906969/226628
#f
239859980
621999660
10644652
254110655
-1196933798
154682795
#f
7516414
#t
#f
-1358003381
-138345153
#f
#f
468830155
#f
#f
262747395
#t
-212732315
#f
236342018/864381
1474564900
-1740256692
-692119150
#f
-1854291984/619621
-649224046/169493
891158365
891158365
#t
#f
-283721251
-678963632
-208627850
#f
#t
1678440916
1002711154
1872577668
924020230
714003879
186667884
-951454305
1069080702
1895698125/263581
#t
462863661
22109823/77027
1794526980
#f
267734313/213271
#t
280984531/938834
#f
#f
38127874
-1785554987
#t
-1336581040
#t
-2135547405/210169
1332721024
#t
#f
-1071275117
-356117147/265283
-2056628970
-210703030
-361063163
-369273221/242890
#t
1962128456
-2128719987
1351586756
-326267107
431772375
#f
-184135237/1094
591456796
#t
#t
472047788
237680633/48348
790235735
384742229/83313
1508602985
#f
-1450602416
-104441325
#t
-841097983
69860369/263840
-1014913345
#f
-876018333/331771
89631053/54171
-965718303
-730874927
-1847110159
1619580452
-1355136336
-977957099/386784
#t
596011132
#f
100043447
#t
-1661373240
2008690168/898361
613596738
445780159
-497081382
-987617757/72670
#f
-1682679081/73330
-400816108
-2852454
485297700
485297700
-1885132575/206623
-528476583
-213677674
-829475213
-1512259415
781024131
1411005700
#f
#t
-2077042342/263855
-268666191/709960
-1550760463/730074
897606240
155010180
492714544
465953927
-410707045
-1821732688
#t
#t
#t
#t
-256672669
148913457
-821094981
-578481028
-840598824
#f
#f
326788913
#t
#t
644111362
#t
1014236329/455434
-1190704755
#f
606648957
14107643/308784
-211990613
680187995
-1569913380
#f
-1952007985
1303446239
1304171072
1304171072
-1161188958
1740093292
-99834539/200895
1880788211
-1902365112
2053072620/86599
#t
#f
#t
201657644/52813
38010929/180929
-769070897
1539519558/220525
#f
1211253698
-1041344018
#t
#f
#t
#f
#f
-102220848/150071
350536403
466344779
565974748
7971047/95003
#t
-740393267
#t
1283184248
-1366256702
966022185
#t
42882406/25793
872458272
-113370134/633685
-1980927/112919
940307168
#f
#t
207757364
-802136192
#t
463181331/169798
#t
-282776583
-1315145892
-1666790012
275476583/307901
805162899/652364
176953126
-468606547
-552416529
1311884231/128446
-1402930466
-2067743691/36929
268103162
1339665952
872811999
-1454822841
1435985128
-540399051/969904
-1525416762
-1748813956
-783139209
1905938724
#t
461279974
841007017
-916074035
33536164
-545972316
#f
-786315796/199827
894907816
-17312123/788275
698813723
1212038572
#t
#f
#f
-1298800464
-373530061
587206149
969239073
-167080541/285754
797532980/45851
#f
#t
-546107325
2033897852
#f
380915045/113891
462780379
31027149/111883
1213283502
-1289708443
-360396781
#f
224714652
-1923253295
-188592955
#t
-647684214
737784658
-137899653/19451
-974395144
#f
-324229160
#t
#t
-841642999/473433
-94409552/84653699
1567908411
1567908411
-826319356
-38062251/105601
-1209269343
789158766
702385237/163718
41426725/442871
660356495
170045701
#f
#f
-3989931/244036
-659640322
-1187708447
#t
-122204809/65175
834135780
#t
575067402
#f
327547296
#f
-167354660
#f
#f
-1148567318
#f
#t
465789062
1406525001
-1294258803/981718
-1561846514
#t
-844482069
#t
-546941212
#t
-490746112/315031
#f
#f
-757873823
#f
-446320652
#t
#t
#f
#f
-118672014
-333736078
232874815
-667307749/330885
401324015/119933
715886240
#f
589203919
#f
#f
1532691556
142575498/863669
1309086048
360831321
#t
395932670
#f
1350981607
#f
-1078728707
#f
-772388426
874297990
1085964457
109543348
#f
#t
580409766
1750699306/7249
2031589305
1040059916/436777
#f
#t
-911823095
1531403797
-1943873970
-1348369945
2094802717
#f
-3124626/785059
1265287931/665699
#f
1075071448
#t
1420060242
#f
1231464710
-44649482
-157924427
1950997875
1893391459/220828
2116993135
-30988276
177330055/204979
349175605
-1042766543/145375
-1282915194
#f
-274619847/147419
642492763
-28310258
1100614021
-631649344
#t
#f
-23743649
800683930
62679800
#f
-281931345/168371
#t
-130959603/97922
#f
1862753817
405599406
243354155
#f
#f
-1796049418
#f
#f
-188272235/520751
1444042676
1436969725/15413
-1683949984
89536260
-405768566
908996318/948157
-11831219/28308
423311057
#f
-141218816
-2008336754
-846265210
#t
-892708802
999552617/605299
-468434234/189947
720079499
-146098780
1483949351
-308154919
1018667467
-564039403
-1727299412
1239066072
-585440840
-1054462541
-919089579
-916286184
-359672480
-632586855
-824077769
-112211405/37598
379077985/48771
789645042
-987888720
#t
-1784744842/575915
#f
-774262892
#f
-622689549
#t
#f
#f
-345411888
-1129810655
#f
#f
-362379935/782072
1938873477/467800
#f
#f
-351876234
-115485465
#f
672411112
#f
-2110627840
#t
263833483/177451
-35923313
-688596766
-143193104
-417330221
#f
-1199481360
1717695556
-288428269/27546
-375318618
#f
#t
#f
-751020216
-239886419/270736
1158923142
-476249899
-925340857
597387672/442951
-1580476911
1697930129/577820
474314341
-850557648
1500302383
151480125
-240815712
#f
#f
-169530871
-2009435667
#f
363650952
#t
-793834592
567392771/73712
971160903/96238
454193768
1558681898
647728725
-447909226
#f
-492843348
-481827938
1381995974
-753890232/63091
#f
798433588
-1939519681
#f
414869916
-252067585
-1016628363
-119257235
#f
669156538
#t
#f
117769964
-1154186794
#f
15375490
#f
1919772373
-207032713
-516276466
413534039
#f
-189983176
-444165896
-1421258996
864941204
52325143/114921
#t
1842606490
-259468373
1231754299/248323
1594640630
#f
100634914
#t
-2032384280
#t
#f
#f
687700029
#f
-898175917
#t
720288286/234889
#f
#f
-752591259/10448
-39780916
78642896/65465
-1257400199
#f
#t
-1063819908
#f
-16943683/304179
-1038706597
-13490142/11863
1524398515/737828
134211811/936237
-745520642
815495448
955541849/73037
-1122761165
-1200844767
-246440433
#f
185911392
#f
-1779149664
#f
-703366330/667379
-599271629
353895349
130682440
#f
-212235831/699575
303650757
1130273449
81608300
287507116
-267032826/238489
75219594
47548729/45195
#f
#f
212628798
#f
1118687386
-941964187
-1433624560
#f
-480483007
999864190
#f
#f
440752966/131231
318876425
1487000463
1404970785
-1574911047
