-1282947126
-2107205400
468793944
RuntimeError
1
-95858064
-740469952
-1760044088
1592801989
RuntimeError
-362531557
-629455143
-627155319
0
RuntimeError
RuntimeError
0
1
1868399928
-2048143436
RuntimeError
1
-313761000
551958746
1
1759480537
RuntimeError
RuntimeError
-1515873850
-1130784438
RuntimeError
1888927758
0
RuntimeError
1
RuntimeError
-818392017
RuntimeError
-173864631
RuntimeError
RuntimeError
RuntimeError
814169844
659508224
RuntimeError
RuntimeError
-1624113436
1
0
1
-375226561
0
-846523709
RuntimeError
RuntimeError
-54974015
1311011396
172569627
1575434508
0
-386317238
-495555712
0
RuntimeError
RuntimeError
RuntimeError
RuntimeError
-1331606480
RuntimeError
1
-16101830
-199604036
0
-1372167840
RuntimeError
0
RuntimeError
-1411625533
RuntimeError
RuntimeError
595619129
-1182153829
RuntimeError
-1249198384
RuntimeError
-692796798
-221968474
RuntimeError
103855191
RuntimeError
-1005076962
RuntimeError
-719878288
-148020307
1345958536
1971245004
2122305580
0
1299075092
660027673
1057215306
-2115093552
664271112
2014650036
-1361833696
-1124892292
RuntimeError
RuntimeError
-1028827947
1926358481
1668874618
0
1618616042
-539265520
545831550
RuntimeError
644486776
463025864
RuntimeError
0
-545469478
RuntimeError
RuntimeError
RuntimeError
-1259324885
-178579074
1
-1339151872
-1489097655
1170817024
RuntimeError
RuntimeError
RuntimeError
310012339
1906303237
RuntimeError
RuntimeError
RuntimeError
RuntimeError
-1433731571
RuntimeError
0
0
0
1982739310
-576804181
-1283080081
RuntimeError
762151086
RuntimeError
-1053718153
1340261680
RuntimeError
379058798
-1133844656
-49745656
RuntimeError
0
RuntimeError
RuntimeError
-1
RuntimeError
0
RuntimeError
0
RuntimeError
RuntimeError
1
RuntimeError
RuntimeError
715146382
-384455294
RuntimeError
462554092
2008739988
1586476571
RuntimeError
320957582
1042444992
1670887990
383358785
2125296703
2132017700
-1275956369
1
0
RuntimeError
1
RuntimeError
0
387609892
-231487296
0
744984576
1945483767
RuntimeError
-698680350
-1436191916
2122753771
1
1493502592
1924393681
-1682497929
RuntimeError
RuntimeError
-185171487
-1951045272
RuntimeError
RuntimeError
RuntimeError
-526929189
957317008
-1199197062
1154602866
RuntimeError
-1776372908
-42870681
473463851
0
-2035874132
0
1762767676
1686472372
-1850655168
-1345199619
1
162029887
-1895885236
-1316656508
1506535987
1
0
RuntimeError
0
0
943600534
-1888662966
RuntimeError
1
RuntimeError
RuntimeError
1652828587
676065986
-385055756
-1379645520
RuntimeError
RuntimeError
-1544607633
RuntimeError
RuntimeError
RuntimeError
985640797
RuntimeError
1
0
RuntimeError
276542192
RuntimeError
RuntimeError
1
RuntimeError
RuntimeError
0
0
RuntimeError
-431676680
259832064
RuntimeError
0
0
RuntimeError
1
0
-9901436
1166844729
RuntimeError
-338627029
1649343669
RuntimeError
-733084201
RuntimeError
437057967
-117942267
302051830
-926007566
1
-666709118
709482019
271367552
1
-996611264
RuntimeError
RuntimeError
565630640
0
RuntimeError
RuntimeError
1417360896
83698584
1059656599
-1836449389
0
RuntimeError
RuntimeError
-1376933908
RuntimeError
RuntimeError
RuntimeError
0
0
310020166
406321552
RuntimeError
RuntimeError
RuntimeError
2094776126
RuntimeError
RuntimeError
-46493024
1
RuntimeError
-299031869
-447163048
1718399403
-1819081749
-422579020
RuntimeError
RuntimeError
RuntimeError
RuntimeError
1087721232
RuntimeError
-1689140294
1053556997
RuntimeError
RuntimeError
RuntimeError
-1422682548
RuntimeError
0
-903710308
0
RuntimeError
RuntimeError
1
-144904832
-1501997504
RuntimeError
-2079169888
1289551233
157059072
-48458231
806661259
0
436025071
1063770004
RuntimeError
RuntimeError
868076168
1024515064
RuntimeError
1568205637
-986086657
734731670
1739714027
-59998208
1
-303054889
134047111
RuntimeError
-594374975
1295501357
1
0
0
92690638
RuntimeError
1039445325
-917341686
-512567666
RuntimeError
0
RuntimeError
1
-74329425
RuntimeError
1090211992
RuntimeError
RuntimeError
718425992
-843513470
-2012522268
326663158
RuntimeError
RuntimeError
0
0
-1527997186
RuntimeError
815743474
0
RuntimeError
0
-632113334
-2136546832
1
1819583376
RuntimeError
290987231
RuntimeError
RuntimeError
RuntimeError
-2105293028
RuntimeError
-104433290
RuntimeError
-1034841632
RuntimeError
496547264
-1851810939
RuntimeError
1221292280
970984677
RuntimeError
1606145460
RuntimeError
RuntimeError
RuntimeError
1414949159
0
101254968
-1927380259
0
477212606
RuntimeError
RuntimeError
1
-1533227681
883766442
287192805
98452325
1314268318
RuntimeError
RuntimeError
164345734
RuntimeError
-230616111
1915750289
-394413805
361341325
191217737
RuntimeError
781441101
RuntimeError
RuntimeError
625516370
1110660744
-1828961227
RuntimeError
RuntimeError
RuntimeError
2132812437
770222485
RuntimeError
-1327906521
-415304580
-701295580
RuntimeError
1
-179878442
RuntimeError
1138006182
-836119236
146978782
-951297922
1055464503
RuntimeError
-1180326304
-1163939496
0
1093026161
RuntimeError
1
-1182019816
RuntimeError
RuntimeError
-1164372128
-583819124
-1669351968
-1817845566
RuntimeError
1426822163
RuntimeError
RuntimeError
1656249973
RuntimeError
-272802291
-1381663952
4260779
RuntimeError
RuntimeError
RuntimeError
0
0
1
-2108802173
-1174190452
-1550118787
RuntimeError
0
1255620257
RuntimeError
-1327165700
-1174986057
RuntimeError
RuntimeError
-1381934005
1
-1297787172
-2135773578
188314795
RuntimeError
RuntimeError
-1910714830
RuntimeError
RuntimeError
-797742912
1
RuntimeError
-984460179
RuntimeError
-270967605
-579398494
RuntimeError
1714855171
2032257638
-1373703680
RuntimeError
1
-2033933644
1195590107
RuntimeError
2050918437
0
1351829172
626362944
0
0
1862029582
514027028
RuntimeError
1
RuntimeError
0
1350200553
RuntimeError
0
RuntimeError
RuntimeError
-1341706667
-1688635575
RuntimeError
RuntimeError
RuntimeError
-1852621841
RuntimeError
RuntimeError
1
RuntimeError
1
RuntimeError
RuntimeError
RuntimeError
RuntimeError
RuntimeError
1536805672
1451584694
RuntimeError
RuntimeError
RuntimeError
-729796200
RuntimeError
-1042233962
1347399101
0
-484706304
1
1787011187
-645573632
RuntimeError
605619990
-1337827033
RuntimeError
1862264723
RuntimeError
997227760
-57131712
1432125280
111940724
-204938689
1995003987
1318482295
RuntimeError
1373983052
RuntimeError
RuntimeError
RuntimeError
1521780512
-529835316
RuntimeError
1534065504
1848715372
-1889709552
-1597367977
RuntimeError
1
RuntimeError
-304521368
RuntimeError
RuntimeError
RuntimeError
963281542
RuntimeError
RuntimeError
RuntimeError
RuntimeError
387494336
RuntimeError
-222224512
1
739894484
-1793453824
RuntimeError
RuntimeError
RuntimeError
RuntimeError
RuntimeError
-788461088
RuntimeError
RuntimeError
RuntimeError
2011859321
0
RuntimeError
-241412186
RuntimeError
RuntimeError
-198830418
RuntimeError
0
RuntimeError
RuntimeError
RuntimeError
-215129730
RuntimeError
-2010474716
-1799966963
-1368245679
RuntimeError
-1702297489
RuntimeError
1
1501804186
RuntimeError
RuntimeError
1902834730
-1862745817
666953728
796624040
-1847798301
1605525980
0
0
RuntimeError
-806874116
1599028080
-641214737
RuntimeError
-688597264
-676294544
-1565942742
RuntimeError
-86887739
RuntimeError
0
RuntimeError
1376846592
-1692746604
-63389085
RuntimeError
RuntimeError
286026118
RuntimeError
RuntimeError
0
RuntimeError
-1362903680
1175396799
-1198999607
RuntimeError
-6416106
0
447202512
-503265112
RuntimeError
1638449700
1596347092
34441380
-1337883481
-491164587
1585676217
RuntimeError
RuntimeError
-1624512979
70470312
RuntimeError
RuntimeError
-800594844
-997230123
RuntimeError
RuntimeError
RuntimeError
RuntimeError
696141408
1
806563837
775218777
-1689180146
813381107
0
RuntimeError
-1917379080
2271620
RuntimeError
RuntimeError
-1024081334
RuntimeError
586596948
1105111712
RuntimeError
RuntimeError
RuntimeError
RuntimeError
RuntimeError
449461118
RuntimeError
RuntimeError
862996077
-1735478681
RuntimeError
1
1
RuntimeError
362875209
RuntimeError
1424775906
1
888489719
1077396800
1033083936
-949713311
RuntimeError
0
0
-387447535
RuntimeError
-1652493219
1
713329404
0
705607120
349726736
302339920
-1569993991
RuntimeError
RuntimeError
RuntimeError
0
-306177731
RuntimeError
RuntimeError
1570765886
RuntimeError
1
RuntimeError
0
1930303584
1484058353
-1108392112
RuntimeError
-2010064397
RuntimeError
RuntimeError
RuntimeError
1614981705
1
-538229280
RuntimeError
-310577680
4601947
1
RuntimeError
RuntimeError
1578766080
RuntimeError
-385138057
1303790305
316097029
0
0
RuntimeError
RuntimeError
1
RuntimeError
-1218699047
RuntimeError
11978272
RuntimeError
-89858022
RuntimeError
RuntimeError
-283994729
RuntimeError
1089424145
RuntimeError
4287764
1
17919476
1
RuntimeError
1
518296225
639535059
RuntimeError
RuntimeError
1
RuntimeError
RuntimeError
1858373443
1465370530
-472320552
-1237618218
-1434821330
1140956398
-193271343
0
-935508858
RuntimeError
-2125240505
RuntimeError
RuntimeError
1591687022
RuntimeError
1
RuntimeError
RuntimeError
-292809665
1670334780
RuntimeError
-2073745330
-1345069444
1
-1921032102
1379874974
2045595658
1978689360
1
1
RuntimeError
RuntimeError
RuntimeError
245662845
-2114336398
-2107683496
RuntimeError
RuntimeError
599339744
-773521728
-1599907646
RuntimeError
1
0
RuntimeError
917586845
1
1
1223305133
RuntimeError
-775046800
-1575679262
0
1
0
1
RuntimeError
-1836611649
1
-1411381488
1
310332553
-1
67108422
RuntimeError
1143786931
RuntimeError
1
1
-205835404
-1309219932
RuntimeError
-1369567089
RuntimeError
1037365805
1028433244
713870067
-40342221
1912884968
1979225737
873764949
-777535606
0
-208647798
0
RuntimeError
1741530801
1903918153
RuntimeError
-969806793
RuntimeError
1734725538
1978005108
1
RuntimeError
-91140648
1059732788
-1276390582
RuntimeError
1944438295
RuntimeError
-1767687557
0
1300574348
RuntimeError
1322222197
-1583170336
1
0
-295995082
291574528
1
1
-1218876696
RuntimeError
-2129525824
1
-1641547116
0
2045571622
RuntimeError
-2050145015
843162424
-1429705172
RuntimeError
537699237
1683362335
RuntimeError
894350238
1958824437
-1718738599
RuntimeError
-1793273042
1
1
1743722560
RuntimeError
2084502452
562628545
RuntimeError
1
-297714047
1570826480
512127772
RuntimeError
1398813088
RuntimeError
166842571
-2081573427
RuntimeError
-1768514050
RuntimeError
0
-1550692970
1573744640
RuntimeError
-95013997
RuntimeError
RuntimeError
-1102042752
RuntimeError
670499598
