1104
-1803693
48829/14448
286985472
467761
#f
43/1457740800
-3126533/35145
958534400
#f
#f
503965760
-1/780753136
1531203328
RuntimeError
#f
1691190902
995503468
5203/2490
#f
-458/9
37/22
-586493
-934007
65/51
-898661824
RuntimeError
-333134868
4487/79
#f
-1171
#f
1389441960
-140253
770279
#f
3217/85
#f
5/5733
RuntimeError
209/1053
-3509968/713
-19578016/37975
#t
103
2065/13
-1723485696
19/95823
#f
82
-181182
#f
600
682/45
40/87
-115947
#f
-230/259
-34257/27742
9/13
787599
11/278288640
-1596/13
#f
-2573/147060
1366343936
-1782198188
#f
26400/6319
-70861
73/1375073280
#f
#f
#f
#f
#f
#f
#f
35
-164742
55/82
#f
#f
7/502164
-474981460
-414315
266356016
#f
-1488659
44641/630
-42518
#f
31/8
RuntimeError
#t
-446552228
-948091
1542430720
#f
2065/12
#f
1774221
913874
-17/132912
1954885120
#f
16033/3198
#f
1047/5
-66
-1041207
25/339492608
#f
551316
-1749071
-133/206550
-1011967/11151
1/239400
#f
#f
#t
#f
#f
100356
#f
-265533
-2066508
-2028009984
37622/1127
1/1281056
2974245
-148331/25996
-1752308465
1625072608
76/2396889
#f
584/9
#f
#f
23/520
-1918442
160879
13/448795112
#f
2/474375
37/2774475
#f
-550389
1/122275
#f
#f
#f
-16134
-236158/3479
-4256/207
#f
1016134012
#f
#f
#t
#f
-33632
#f
#f
432612
-182477/2280
#f
-584275
#f
#t
48367/564
907051
-757351
276456321/6688
#f
-1096576
-5304/22099
58673344
-47
15679/516
1/126
-692760
-62
-13608/6035
7/157528800
#f
-1075195
-5368/103329
#f
#f
-1873278
-3459376
5435/312
3/4994080
-1237636
1617/20
#f
1649193072
#f
22491/713
-2525/41
147400/110593
RuntimeError
-9/126412
-1250719
3823/39
#f
#f
#f
-1240140
13/56529845
2874/35
-3375982
96518
#f
-1737959388
#f
-24544256
-14477952
-293923
928984
95/26
#t
#f
952580
3270/23
-916704
1/21707595
83/6
47/1344
#f
-2117444608
1/108
RuntimeError
-240
697145
#f
79/27
-1841939888
529/11
-371949
#f
#f
-616616
1662/7553
-200288
-6959290/27
#t
-1780031
88
1804174580
-66096/7
-910
#f
#t
#f
69/919600
#f
#f
#f
934097408
#t
208903/88102
24589/680
-1065430784
-8048160
24
-41/56511
#f
#f
#f
131328
8/605
17/20831904
#f
#f
5/19559232
1624930
-156946/1209
#f
1389073
977227
RuntimeError
#f
-1624/23
265641
-1048314
71/38
#f
#f
#f
#f
#f
#f
#f
-1808195
#t
-431848
1666733696
#f
1764366284
-136
#f
-556421519
97/2108
32/55
8039850/37
-62572449/1012460
RuntimeError
111942
59344/693
#f
82030/2001
5563/56
504/97
-46491/3692
1841318552
41613/2240
-204379/568
76/73
1817546
102108396
159638
5217/425
-1837376140
846895
787758
1216490
#f
6922651/54747
555238
215865
#t
#f
551/8
-29821789/608608
-553/64980
#f
-1730616000
41/1905904
#f
355872
-67/2
911955
35/83721
-3194498
#t
1821859
3667514
892512
47709/1804
725625/49
-993563810
33495/14104
7992
7/155040
-1419289
#f
#f
#f
#f
3888/41
#f
8/331047
#f
-560099328
-1212833212
-130815
-3
-291839972
-1337214973
#f
#f
-1505272
59/1905138758
-38
#f
15523/120
#f
#f
907/1360
1458724
1159496
#f
-120573/850
#f
#f
-7978/97
-13/26163
1/23450
-2092166312
-32245
#f
228932
#f
-1212948616
#t
#f
#f
#f
-230525
#f
-935816
#f
#f
27/10
23/1630200
-565574720
#f
5695/73
2342/161
467/6
-231753
702609
#f
523/11
#f
#f
68
-44889/190
-916020
#f
#f
-128509/2900
#t
-1120729696
-303647360
41/26700
83/33
1/16553376
RuntimeError
#f
1610299162
496635
31/174580
#f
#f
-1696118
44/2479
1665526
#f
-10589/86
-1661/17
-1090543
-575661
-127/16
-44
1/1275120
#f
235/1848
17/5884680
-635855
5789757/42098
-874250
-140/31
#f
1916949
#f
95291/8520
#f
26733/184
53/519695520
-16
1210711
#f
1991754416
288742
#f
439857/5254
-153720/19
#f
11/25485840
#f
129276
-795220
-1740851
-2004100608
478694
#f
67/1056
#f
-745314
1428027392
61241
2802927
30317
4161/7280
-53
-1926355944
-1161693
-1196824
2066006
6727/258709244
61/50
-998080512
#f
4/5
190701568
#f
2418/2813
7/69325000
#f
301637056
1696192299
839946
361031
-616
-1585636
-579552197
#f
2135428
181683
1735743424
#f
#f
-585/4
749331968
#f
-190
#f
-1609243
-775/8
-4009729
#f
#f
460892160
439606
#f
-592513
21030
-877814
32/191692797
#f
-249865
1409/45
-1/836410992
1104/11
2/9701445
1/77
#f
-1034479228
#f
69
-13176884/9
1/12300
#f
#f
#f
7749/200
-12223/4515
521632240
-4033/217
374/59535
-73611264
-1264775
-538301
#f
-252712
#t
1140748032
#f
#f
#f
23/44
29/68796
#f
#f
#f
-467765204
-686173
989509/17390
23/49
277248
#f
97/17664480
#f
-1664
#f
#f
-5399/90
RuntimeError
65/64
#f
1181
#f
#f
#f
597287552
19/247860
#t
#f
-47/891
#f
#f
-885281592
-37/1904056960
2/2835
#f
22816/265353
886862016
-398826
#f
-35071/2211
364591
585/529
1034513792
#f
-1412584
-25/3102
#f
#f
#f
RuntimeError
#f
RuntimeError
-16804/6351
1/7128
#f
103
-137772
731131298
#f
#f
-117363/130
89210
306153/16324
#f
95/664576
31/10751488
-77/16644
#f
1/38725680
1272623
-63194/539
301307
-7000
31/99144
-30
#f
-25364976
-2866067
#f
-653687918
852515152
-1514787
448/33
#f
#f
-1299670
-11733/76
1042/41
#f
1469220
#f
1104551
RuntimeError
-187271
-287395
#f
-415114618
-980422
#f
#f
#f
#f
#f
#f
2521223
329/496
#f
#f
340/123
#f
18/81257
1455732736
1587640
2593/2021
119
-23/384
#f
-1/1295
948439
335251
-861820368
#f
1303136
#f
43/11376
#f
-1809643
#f
215/14
-1287/10
517/732
1610/17
#f
-2737887
#f
67/127164214
-1052612
-1690/33
2325231
#f
-502794
1496180311
29/21
610/7
#f
#f
#f
#t
-63
#f
-3443958
1259751
#f
#t
#f
#f
#f
#f
-17658036
455/648
-4118933
#f
#f
-1356875
1765901
#f
3408807
-1559828
486/5185
1326528
#f
622688/719355
-3496/1175
#f
16560/37
-1023237
-920/17
-1323810816
-1445881216
#f
1151/18
-15920/119
219845/2881
#f
#f
#f
#f
-1090394
1/58
-23/1129128
-242195974
985427092
-49/1983837696
-1151913856
-2108305024
-4158/13
-1579152
-1361910
136/135
#f
100
794712/7189
#f
-5620960/89
#f
182504
-865547
65/98
-1052116/53935
-534162
1200793
1452771
#f
-469/58
915152640
1609363
4/6550607
-2323/26
#t
47/2520
1337341
-338158400
#f
-267110
1/49218400
-1526797023
1706049536
1568/2059
15158
47/1764816576
#f
8/23051
#f
#f
#f
1387758944
#f
498/221
18123/170
19988761
331520/93
-306152/405
#f
-2145550
3141/79
RuntimeError
#f
#f
-24635/209
#f
-7/656
629375
1418377112
#f
884233
-15551/164
1459465
-1336/1425
#f
7/75039840
-323998
#f
#f
1/62
-1256
#f
#f
#f
-982
13/1116808
#f
-97/512050
263928
-1/441
#f
-1548112
227422
-597242880
12/5
#f
#f
1202188
16357191/109150
-383611
#f
RuntimeError
-2107955744
-1436072896
23/7
108
2735018
204437
#f
#f
505465
793908118
-317525868
#f
-38
571879
2068824064
-631399
#f
53/1111558140
-132099
446611
-35070
-435600/403
#f
741493
271289/66038
#f
#f
#t
#f
#f
-562804
-2405150
27/338
1173727
#f
#f
5/462
51/880
#f
-1988183
2158/25
1/88
11/252
0
156693
#f
228349/19530
-19285/7464972
#f
-903502
#f
-1494420566
1/9100
-324537
-528870
999699249
#f
#f
-685/6
520958/2415
-37
-1235768
-935967136
578931
#f
1669050496
19/770
2702/75
1671159
#f
#f
4/130065
#f
#f
#f
508033/3233
-57
6/24871
#f
-355324
#t
114651
#f
#f
-3393
-38/3267
-533520
-525777264
#f
#f
-57
-631196856
#t
-986029
29/84224
#f
#f
#f
-76/79
#f
RuntimeError
#t
#f
-2188/45
7/891
24921/184
-21205/78
-483400
#f
#f
#f
#f
21745840
#f
29/1642284
RuntimeError
3265027
73/1324937216
#f
#f
1655501
#f
1/453547040
-1179
-30
-716482
#f
-372943
-600629/485
-2/248387
#f
5217545/17472
#f
#f
#t
-536758/737
-35607/1372
124391/198
RuntimeError
#f
#f
557/30
-18281219/98
65325/94423
#f
-16321/85
#f
-59743595/59731
#f
618647331/933140
#f
20839/15
-243381/154
-681865/607476
-21160/29
224595/8
-4757/13398
-98908572
3695785/6693
-229649315/147498
24433/3060
#t
#f
781346/1739
9275/1782
-242307780/288757
663/2660
-65317/93024
-21862/75
9984/5
-28833/38
3888/5
#f
-5479695/1232
#f
RuntimeError
-79609/182
#f
-2279/41580
-42311087/1128
39209/44
#t
#f
-367307/1335
#t
195497/310
1175/231868
4/143
#f
-14047232/1785
-5987128/73
1243786/2205
-17917/23738
-186240/10633
3593873/4988
1264592896/97
#t
-5041/1100
#f
771713/511
-209/26656
#f
595/87
#f
#f
#f
-777
60158736/65
-14718/16055
-2800/2249
-40661/65
#f
99/235
#f
#f
-66080637/272
-44365/21
323/15552
16893/43
-28/15
-5185/4838
#t
1953481/298480
#f
35035/1836
-2/6501055
553/204
-238528/475
-1188
RuntimeError
#t
17765/73
RuntimeError
#f
-3793763/833895
-19401/1100
#f
-71369/82
#f
85519/204
-25026/53
-2495/4797
626
#f
-65927/56
50/10557
69499/18354
#f
-1177995/2
602495/310012
455/96
#f
#t
#f
-78466/83
739183/2210
-5163221/10846
-399461/1200
346039/3300
83/50
7567/2897766
9/5
#f
#f
98/447
RuntimeError
#t
36432/83
-15109511/36162
-12/11
10087/12
20012/45
-44781/691157294
#f
8375/912
-8863/35
931/325
#f
1601/10
#f
-502
#f
1/47040
-75107279/44520
19763/66
67/33579
-814994/1615
284866843/551152
-1505387/1575
#f
4932107/10856
92652733/38180
-105995/141856
498960
#t
RuntimeError
#f
#f
38/23
#f
#t
#f
#f
-2874539/2380
129589/96
#f
-47468044/28823
-34151/113050
-686507/380
#f
-1283040/7
#f
RuntimeError
#f
-21497/30
#f
10912/40185
#f
6/2740519
#f
7/648
RuntimeError
1193843/1480
#f
2718451/2695
676241/440
1249262
-8350/4851
#f
#t
#f
350860
255/268
1734301/444465
#t
#f
#f
-22279006/14697
#f
#f
#f
#f
#f
91835/13167
-10736/23
#t
136360/2679
353255760/7
164640/517
874883/752
#f
109813/196
#f
-19948/33
#f
-186037/348
#f
125052943/68208
#f
#f
856343/5642
#f
-4457/986
RuntimeError
#f
1349574803
#f
#f
-691
-4868783/8125
6923/156
#f
#f
59874/185
345303
42560/43
11492694/19
-20717495/6662334
#f
#f
29/656320772
-672/1175
490/351
#f
2285/546
-17765/58968
#f
#f
-1589605637/58
22737/56588
#f
4553/11
2/1649
2839
31/180
-433675/3159
#f
#f
16/19677
-417/14
-562531/252
-1551/124270
#t
#f
-486/32725
#f
56337/41
-5635/52
#f
-12958400/9
#f
146182545/376142
-118057/272
4712669/1857450
-75481/403
#f
-8397779/10870398
#f
1961931276/2889997
#f
-491413/147900
#f
#f
47946/49
18/6851
6757/1568
#f
#f
#f
58333/56
11645/12
#f
912
23665/86
#f
-3572489/519612
#f
#f
#f
-111514304/6279039
-1791867/949
2204/121915
#f
15155/668820834
1294992/3035725
365365/98496
439
-12049573/4344210
197584/365
-848417/595
#f
-769458704/55
-3334063/2520
64128/25
1011440/9
-2031301/2030
-165167/265
-840/9823
-5533/388
#f
12113/22
264566/137683
-242538/89
-1923796/5963
#f
#f
1377000/41
#f
-1288485/7
-17129/27
RuntimeError
-12639/8
-12457368/47
-46763/25
-768/174967
319/78
-1514032/3555
#f
#f
19879732/41
#f
1976558/3705
-5/158
-61/9442104
-136867/75
-237595820/29
-12608/15
#t
-131271/23
249428/399
#f
#t
-944827/1023
-1242294736/53
-153793/235
39131/16353
RuntimeError
-357
-413945/3016
#f
#f
-972
-1027391/6600
#f
#f
59660543/11038512
132172/133
-357143/525
#f
799/33696
-1715/17064
-33060/4189
15731738/10575
568568/1415367
69/8330
#f
68/1749
748402832
#f
8953313/44100
-759443093/708890
93385/92
-40999/90
-320000/287
#t
8528/43
-2019402/97
-4708967/3335
#f
#f
#f
1522200/1147
#f
#t
#f
#f
-49/11
9143/8
-102848752/23
#f
-9339/284
760
-153499/1708
#f
-16256/13
#f
12427/9261
-14365/21
-100562/551
13039/4704
#f
219455/391
#f
11/84
#f
62616/79
3977/1721020544
81134/69
#f
#f
-568979/321816
#t
#t
1377145/933984
#f
#f
#f
-336865/73554
29/21
-5684/129593775
-160671600
#f
614339/1311
-1054724/2697
25479/98
2624/371025
#f
#f
175
#f
6919/38491250
RuntimeError
#f
-6731699/4662
-245195/686784
#f
-6365/2106
#f
-780
-496/1089
#f
#t
-46709/24
#f
#f
-171/59150
-29508/19
#f
RuntimeError
97/4352
-3465/3478
-969985/897
792/1615
-546008240/27
-4749/430
16497/2784152
#t
#f
9041/8
-20470869/12896
#f
#f
#f
#f
-65942/495
22241143/1489950
-141427/18411
9281090/41
-863/540
#f
15639/10
#f
-17919487/19206
152384873/1209
#f
-1595/1296
#f
#f
733
7/27400960
#t
#f
#f
340
682675/12546
113/56373
#f
RuntimeError
4056989/5695
#f
5264/8437
-62/9
802
418608
-10805/21
-50233/2233
#f
-11900/26307
#f
-427/55176
15517/24
5105/34
-247/157350640
1462/10527
#f
#f
RuntimeError
-140
-389937/455
3772/365
-894
6396/7387
1483603624
#f
-111625/1439424
#f
11088602/5723
-100800245/98523
#f
67012/12825
-24331/39
#t
291/35
-12392/12529
10287486/17
663527/400
#f
-1309880/171
233755258
#f
#f
#f
#f
-40076120/41
#f
6803152/3445
#f
-7/1600
43105/46
-4059396/19
-29/2620800
-4995/29
RuntimeError
-695140/3381
-77563/83
-74112262/128915
-3397/14185776
-360/77
#f
19217/38
#f
-176/45
83825/2
-1277351/219008
#f
39010/51
-843
#t
178475/116
#f
287/1598
957392073/5200
#f
801379/1254
-46150/1615383
#f
49631/96
#f
#f
34879/40
32847/28
117/275
-3968/7
#f
RuntimeError
-9540/17
1223599/580
#t
#f
534
-265083/185
25699/140
#f
#f
242842/333
#f
2788/3
-1063/3431
#f
-1032823/2128
-3250/662418141
1163551/1275
783769/69360
3811050
#f
#f
-21283/14
-660592/2650687
-14081783/17094
-5804/645
-807347/775
-965/186
#f
#t
-87303313/696696
45/572
240521/525
#f
12250/51901
-135125/221
-1874921/2279
311329/286
-33609551/9647505
#f
-1293/16
#f
13455/1273
#f
#t
17/2436
1127/4
#f
-8584704/17
574/377
3585312/553
-2181391/1378
-2229201/210140
#f
-12413/46139
-5922363/3431
2456326/2755
#f
956
133/16368
13572/85
#f
RuntimeError
1269/5885440
#f
-980/4047
#f
-1745015744/53
RuntimeError
2222/1075
-44665/297
#f
-157391/97
418922861/46991776
#f
-98879/549
-630799/5610
#f
-2355763/5148
14/39
#t
-8366581/7238
28215/17612
#f
-187/8
#f
#f
#f
-51487/25
91/3
101235/2
#f
-1536/79
#f
-3/399200
#f
-343/2615275
#f
#f
-17509/18228
-159379/87
3083/3
#f
607369/1738
14727/34
-332/85
#f
#f
#t
-79571/132
-214137/26825
#f
#f
-8769280/9
992/2205
#f
-4913/2734585
-314582/273
#f
584117/1386
-679031936/1577
19723132/11834529
57664/498663
#f
#f
38555/2584
-35/9522
#t
-352872/258335
#f
10904/1365
-1677665/306423
#f
-490633/138375
#f
3934747/6162
13097667/47
RuntimeError
142194983/67860
-7191/31720
132113/58575
#t
#f
40/43
923/775015450
12599/8
2173/3700
#f
#f
-56559
-111423/92
-366435/52948
71/2208
8621554/1139985
#t
-18705/86632
-2544/11
4984/1377
-37433/494
67267051/2878722
#f
#f
14662500/689
979141/2703
#f
#f
-318/1349
11184250/31
#f
201126315
-477467/399
-13930686/53
31/988
5649083/44640
6348/455
#f
#f
#f
151501/141
RuntimeError
-485/684
1089/2145808
-1/3432
598/1089
-13/45
1247299/780
#f
#f
-2853047/576460
#f
75670/561
161461/208
#f
#f
186403/296
-170407/180
#t
3926047/3672
2697/368
-1817/29841
4188030/29
#f
222000/77273
-13530/371
#t
1/580594694
-1801/2
1223
4356612/77
3016/81921
#f
#f
#f
-40020/11
#f
46070309/357930
5028169/5940
#f
#t
3/35224
-175136000
3854759/389160
387747/272
#f
-45/1336192
#t
#f
#f
#f
-732035/784
-43873
-26093/15785
78538/45
4/730275
-16929030/25333
-4593281/756576
875/43
-955537/59670
53773/27
5962288/151501875
-430541/264770
-984414/931
RuntimeError
#f
#f
-96286/65
4657/56
1825/558
1665/116168416
-99189920
-101400192/520625
#f
#f
#f
#f
1406968/5
359380912
-42188/43
#f
-2706693/1700
-9921469/3515
#f
#f
#f
#f
-800/689
