#<void>
#<void>
-505451439
-1994850449
((= (- (- (+ (- (+ (- (+ (quote 454084665) (- 1747813489 1221512277)) (quote 648095975)) 1497590413) 334864540) (+ (- (- (- (quote 1521487266) (quote 993240253)) (+ (quote 1220416102) -430839205)) (+ -1677955693 (+ 1242454251 (quote 268841282)))) (+ (quote -1352855382) (- -1533606671 (quote -1589948015))))) (+ (- -1454084412 (- (+ (quote -621520540) 111989245) (+ (quote 1537151961) (quote -1814394006)))) (- (- 30990830 (- -1200400939 (quote -551790962))) (- 468459683 (quote 1604110382))))) (+ (+ (- (- 1155184823 (- 2001819294 (- 787904314 (quote 346162578)))) -25338196) (quote -511576328)) (quote 1923548664))) (+ (+ (- (+ (quote -790295051) 1813916104) (quote 2139817770)) (+ (quote -1346401888) (quote 2132617106))) (+ (- (- (quote -1516898509) (- (- (- (quote -1798494572) -2891554) (- 1778110791 1945026558)) (- (+ (quote -1139979427) (- (quote -1059881936) (quote -127992912))) (- (- (quote 780168756) -2961043) (+ (+ (quote 724412679) (quote 1295754752)) -655649258))))) (- (+ 1780290327 (+ (quote -934498212) -1160089332)) (+ (- (quote -1238932300) 270224646) 1058339996))) (- (+ (- (- (quote -2011457886) (quote -1950835908)) (+ (+ 1907033682 (+ (quote 262916811) -1171371000)) (+ 353540967 710554759))) (quote 1646507146)) (+ (- (+ -1158366093 (- (quote 920426997) -572507620)) (- (+ (quote 1929836059) (quote -898592660)) (+ (quote 1221680372) -1806465206))) (- (+ (+ -1961126834 642894865) (- 53986756 (quote -1768960243))) (+ (quote -1117810570) 1082130931))))))) quote +ZI@r)
-1716313159
#t
()
-
#t
()
()
((car (cons (>= (+ (- (- (- (quote 332536937) 1012166752) (quote -1663052004)) 1975491618) (+ (- -396058927 (quote 1163881679)) (quote 715283900))) (- (+ (+ (- (- (quote 1679163110) (+ 401635630 (quote 1712956514))) (+ (quote 1227662734) 413059505)) (+ (+ (quote -708387275) (quote 784601564)) (+ 723264730 (+ (+ (quote -381448069) 1378867629) (+ (quote -2015505628) (quote 2060133918)))))) (- (+ 1588910859 (+ (+ 559321035 -1434710507) (quote -963680693))) (+ -1496163897 (- (- (quote -1413440152) -1154691024) (quote 138420256))))) (- (+ (quote -612334028) (- (quote -348922887) (quote -185402563))) (- (- (- (quote 762926275) (+ -1066064617 (- 1429385488 (quote 507247736)))) (- (+ -1619879098 2007905945) (+ (quote -1530645562) (quote 1072186623)))) (- 1618169210 (+ (quote 319835859) 386085615)))))) (= (+ 1652545887 (- (+ -1667232785 74280573) (- -497729403 1267546724))) (+ (+ (- (+ (quote -555929687) (quote -787530202)) (- (- -980539215 (quote 340948125)) (quote -1661635840))) (- (- (quote 206371056) (- (quote 2036953740) (quote 1447670300))) (+ (quote -995148419) -36851706))) (+ (- 1116362315 1464854790) (- (quote 1248214097) (+ 825749845 (- (quote -1364867702) 83879689)))))))) . #t)
-2124314428
-217381947
#f
-656915307
>OK
>
()
#f
void
-1998418781
((quote -634470855) = (quote 196421658) (- (- (+ (- (+ (- (- 915040820 (- 2054020433 1772590176)) (- 558548669 -1230078698)) (quote -390163639)) (quote -209638382)) (+ (- -149672830 (+ (quote -2106679398) (- 1883743966 (quote 213589081)))) (- (quote -763285526) -1670227088))) (- (- -127778687 1747690779) (+ (+ (quote -1674402358) (quote 434300651)) (- (quote 1148052387) 1722525500)))) (+ (+ (- (- (+ (+ 78073515 1641390788) (- -5353934 (quote 1933004071))) 792225578) (+ (- (- (+ (quote 651926759) (quote -245425943)) (+ 329283663 -730021038)) (+ (quote -444330421) (+ 670723624 1374473751))) (+ (quote 498619057) (quote -1681563449)))) -490998671) (- (+ (- -878929739 (- -336801354 (quote -412333127))) (- (- (quote -527285104) (quote -1454869908)) (- (quote 1633083569) (quote 1387060700)))) (- (- (quote -2040958572) (- (quote 646438886) (quote 1955422105))) (quote -1187813296))))))
#f
()
ASJ
IVjN
428480379
1748946169
-602421905
#f
#<void>
((quote ((+ (+ (+ (quote 1735916630) (+ 11058490 (+ (quote -896272026) (quote 739557132)))) (- (- (+ (- (+ (quote 147064271) 144330768) (- 845110332 (- (quote 1254420045) (quote 778469558)))) (quote 1427944853)) (+ (+ (quote -1432302868) (- (quote -852798314) (quote -738446386))) (- (+ (- (quote 2061669736) 1449470655) (- 1181043682 (quote 1204092094))) (+ (+ 912516564 -1842752800) -491411454)))) (- (- 1116726962 43036966) (- (+ 1951559797 (quote -988399010)) 1692492827)))) (- (+ (+ (+ (+ 1203664270 (- -1106092168 (+ (quote 1092024824) -592990250))) (+ (+ (quote 1039537076) (+ 459692580 -15496060)) (- (- (quote -1982739638) (quote 86674023)) (quote -965393498)))) (quote 828665949)) (- (- (- (quote -1458311107) -1695928258) (+ (+ (quote -716417414) (quote 1739507130)) (- (quote 492205047) 195641476))) (+ (+ (- (- (quote 437558090) 32927676) (quote 814814294)) -1279160933) (- (- 412849639 (+ -1534877181 (- (quote 135423435) -687979776))) -788722133)))) (- (+ 445149460 (+ (+ 646298847 (- -1628236606 (quote -1637600473))) (- (- 1006343757 (- 1426377038 -514092500)) (quote -1797343732)))) (quote 1799638685)))) quote cf!pt)) + (- (- (quote -994188665) (+ -871442971 (quote -1167417354))) 1083729453) (+ (+ -93670034 (- (quote 1845771719) (+ (- (+ (quote 998222658) (quote -1936974108)) (- -6662523 (quote 266897220))) 1573790352))) (- (- (quote -157397738) 1131544174) (- (- (quote -1304432270) 129583079) (+ 824883463 (- (quote -1047390715) -431450372))))))
(-715651173 . #f)
(1291332667 . cons)
>
((quote =j) car (cons (- (- (quote -1306016192) (+ (+ (- (- (quote -1682017629) (quote -2140518396)) (+ -1534268208 (quote 1458932170))) (quote -1652388033)) (+ (quote 212800970) (+ 328870921 (quote 1382805180))))) (- (+ (- (quote 54370880) (+ 1294848163 (+ (quote 1848331120) (quote -1337092332)))) (- (+ (+ (- (quote 2131721423) 1805991389) (+ (+ 1905658655 -262279425) -1297830151)) (+ (- (+ (- (quote 325547067) 1308166875) (- (quote -1152747348) (quote -1716136482))) (+ (quote 426159147) (quote -835663521))) -1206341869)) (+ (quote -1992139165) 635205888))) (+ (- (- (+ (- (+ -486535654 (+ (quote -324805803) (quote 147905479))) (quote -1223281744)) (+ (- (- -1477724323 -1026947808) (- 1705692990 (- (quote 1492820424) -427717959))) (quote -1750131001))) (+ (+ 1907335308 (- (quote -1042153297) (- (quote 416551473) (quote 1288048158)))) (- (+ -606236485 (+ (quote 349249757) -910251638)) (- (+ -839294961 (quote 1798563383)) (quote 991326805))))) (- (- (+ (- (- (+ 1564980980 (quote -487672992)) (quote 76040372)) (quote 904636747)) (- (+ (quote -197110146) (- 1506525036 (quote 42527119))) (- (+ (quote -839873636) (quote 1804091175)) (- (quote -676714979) (quote -1793106301))))) (- (+ 12237708 829053255) (+ (+ 272014949 -1846210404) 715174868))) (+ -1825546729 2074624179))) (- (+ (quote -1436953300) 1731662551) -1594318597)))) (quote ((void) + (+ (- -1860075669 (+ (quote -1121637241) (- (quote 1609053706) (quote 1993184910)))) (+ (- 1758762863 (+ (quote -131151131) 1889952873)) (- (- (quote -11102222) 1019594744) (quote 277169697)))) (+ (+ (quote 605517430) 1240600703) (+ (+ (+ (- -941147059 (quote -1056391493)) -1866723535) (- (quote 878562466) -346285271)) (+ (- -1702837074 (quote -2082640404)) -1920732278)))))))
>
((quote gV=*) quote cons)
(void #t . =OH)
()
#<void>
Q
#f
void
cdr
#f
((#f quote ((<= (quote 795958808) (+ (- (+ 854280341 (- (quote -1456372533) (+ (quote -130623223) (quote -1789335517)))) (+ 2024827015 (- -182772224 627151540))) (- (- (- (+ -1010132670 -513964997) (+ (quote 1893194343) (quote -1990839028))) (+ (- (quote 1906801760) 1492472676) (- (quote 1202229783) (quote 1679801835)))) (+ (quote 310114291) (+ -2019854171 (+ -1290812501 2079366213)))))) quote void)) . -1556431092)
()
#f
-812521897
(1833146608 . void)
tFWJ
#f
#t
((quote ()) cons (cons (< -32023681 (- -30604575 (- -1447425910 (- 1662163884 (+ (quote -394419696) (quote 1571300545)))))) (quote ((- (- (- (quote -2849203) -455564760) (- (quote -626539464) 949698640)) (- (+ (quote 1844366190) -2037116175) (- (+ (quote -1984958696) (quote 1586341879)) (- (quote -412718970) -1471010083)))) quote 1361894092))) (quote car))
1946979653
#f
-1335706905
<=
l
#<void>
void
SP
cdr
#f
1350499940
#<void>
#f
#t
eB
50836712
-982506485
#t
#<void>
#<void>
exit
618136179
-1626503977
#t
#t
#t
(#t . 1806616744)
-218111799
(quote =!U)
#f
41981235
((quote ((quote B) cons (quote d) (>= (- (- (- (- (+ (- (quote -1193606956) (quote -1485523441)) (quote 1562773804)) (- (quote 1860884247) (quote 1198339791))) (- (- (quote -781613060) (- (quote -1126505303) -1058581668)) (- (+ (quote 875789749) (quote -1005398450)) (+ 408693765 (quote -254307218))))) (+ (- (- (+ -24371103 (quote -1568067439)) (- (quote 1244315906) (quote 1937064374))) -1836595871) (+ 1000077424 (+ (quote -11953854) (+ 1957500101 -2141081292))))) (- (+ (+ (quote -1378836015) (quote 14528880)) (quote 1846840423)) (+ 1293423166 -1746043077))) (- (- (+ (- -765239317 -1049143634) (+ (quote -1629105027) (quote 2009959268))) (- (- (quote 1236276230) (quote -163613633)) (quote 1896078973))) (- (- (- (- 1703624450 (quote 153422475)) (+ (quote -1304957671) (quote 1954089404))) (+ -984078532 -136063067)) (quote 153285725)))))) quote dS!!)
(cdr (cons (cdr (cons (- (- -2128245734 (quote -664066777)) (- -1092199251 (- 2015692814 (quote 1879508746)))) -1724051656)) (- (+ (- (- (quote -923080629) (+ -183909120 (quote -898732832))) (- (- (quote -38261596) 841119462) (+ (quote 1466349301) (quote -1513828519)))) (- -1834333231 -340590180)) (+ (quote -1136191180) (+ (- (+ 1735735670 -2102188828) (quote -502408775)) (- (+ (quote 841011937) (quote 109954696)) 53328123))))))
#f
1507244160
#t
-1369370686
#<void>
1729551904
exit
-825575615
#f
((car (cons (+ (+ (quote -418761400) (+ 2082850349 (- (- (quote -533859011) (+ 256925696 882380241)) (+ (+ (- 665346583 770782242) (quote -475373891)) (- (- 74320888 663492935) (+ (quote 1063194280) -549793826)))))) (+ (+ (quote -217119425) -1625151921) (- (+ (- (- (+ -904651878 773240880) (+ (- (- -217941315 832479063) (- (quote -1627479526) -186661949)) (+ (quote 332469851) -333401542))) (quote 304078028)) (quote 1873379554)) (- (+ -1942337502 (- 1432426497 (quote 1431422197))) (- (quote -650733635) (- (+ 1756526844 -1182300760) (+ (quote 1976389104) -1832783569))))))) (cons (quote ((- (- (+ (quote 395657848) 724586485) (+ (quote -157380184) (- 1150196977 (+ -166095814 (quote 2026560092))))) (quote 2127913252)) . #f)) (cons (quote ((quote exit) + -1445647433 (+ (+ (quote 787823617) (+ (quote 1917357484) (+ (quote -1973470273) (quote 23441025)))) (+ (quote 1828445761) (+ -2051129478 (+ (quote -497967470) 1235959963)))))) (cons (cons (>= (- (- (- (- (quote -1447265746) 201377228) (- (quote -984728522) (quote 224434548))) (- (- (quote -1138100433) (quote -496215432)) 479580912)) (quote 2121706886)) (+ (+ (quote 479536144) -1163571699) 1714436790)) (quote cons)) (quote ())))))) = (car (cons (quote 524218242) (quote ()))) (cdr (cons (quote ()) 25909857)))
car
#t
-2077317738
k/iMI
((car (cons (quote -244954502) (void))) quote I)
#t
void
459641956
(<= (+ -893186346 (- (- (quote 126802264) (- 461275644 (quote 1684951904))) (+ (- (quote -695274604) (quote -532022339)) (+ 1624852789 (quote -1897269909))))) (car (cons (+ (- (+ (quote 316447925) -1495296302) (- (+ (- (- 49203526 (quote 871961927)) (quote -653509726)) (- (quote -112046020) (quote -2071457877))) (+ (- (quote -785803013) (- -485007392 -292969125)) (+ (quote 385776087) (quote 1112244316))))) (quote 1809988044)) (cons (- (+ (- -1004905695 (quote 1021080002)) 1767510425) (+ (- (quote -1124609440) (- 2025917646 1825627208)) -678414888)) (quote ())))))
(+ (- 54357597 (+ (- -1246252797 (quote 796051342)) 777105939)) -61059358)
896286034
()
()
340586024
#t
511547448
#f
(-294906848 . cons)
-630701947
#t
%J*Dy
#<void>
((>hqb= . #f) . #t)
()
871343144
#t
1093953573
#t
R
(-350842033 . 1638672746)
1164994925
((quote _YJ.) >= (+ -1278410271 (quote 873312921)) (car (cons (- (- (+ 1034128127 -1659091198) (+ (- (quote -2133762180) -175536040) 169629040)) (+ (- (+ (quote 1594855461) -899468613) 1215848506) (+ (- -1547439094 (- (quote -793788069) 1100316504)) (quote -50031819)))) (> (+ (+ (- -1527366691 (+ -1209235666 (- -231591301 (+ (quote -850130916) (quote 857971577))))) (quote 1244742944)) (+ (+ (- -634669456 419276760) (+ (quote 2040511928) (quote -231258140))) (- (+ 1149509241 (+ (quote -2019683624) (quote 1938917352))) (+ (quote 1508100785) (+ 1069046806 -1424189275))))) (+ (+ 853986703 (quote -1815697856)) (- (- -250403684 1279249681) (- 417340520 917214795)))))))
((quote rCs) < (car (cons (quote 1698050391) (cons (quote #f) (cons (- 1604733771 1804617323) (cons (quote nzr*) (cons (quote I:u:f) (quote ()))))))) (+ (- (+ (+ (+ (- (- (+ (quote -1647091700) 1100324692) (+ (quote -2129930352) (quote 1181832839))) 2087865427) (- (- 260681544 (- (quote -1098722141) (quote -1237610601))) (+ (quote -291624036) (+ (quote 1008748305) -915091344)))) (- (+ (- 893588639 (quote 324113687)) (quote -234174436)) 445660138)) (+ (+ (+ (+ (quote -74174324) -409158525) (+ -910261233 825099857)) 1988872227) (- (- (- (quote 1428947631) (quote 1934179399)) 717349125) (quote -1041306348)))) (- (- (- (+ (- -1920364992 (+ -1756269814 (quote 1826544192))) (+ (- (quote 682066628) (quote -393007672)) (- -663995051 (+ -887174779 -771945532)))) (+ (+ (- (- (quote 502673522) (quote 457362233)) 1133109968) (- -1708529130 (quote -1618540635))) (quote 2046750261))) (+ (quote -430191360) (+ (+ -1266470854 (- (quote 754912171) (+ (quote -381452816) -166672494))) (- -797295840 (- -1332560785 -1951370500))))) (+ (- (+ (quote -2084957780) (+ (- -768114471 1039211449) 2113518063)) (quote -1766774067)) (+ 896351454 (quote 982428910))))) (- (+ (+ (- -277589114 110207631) (quote -507254821)) (+ -1826785351 (- (+ 754877346 (quote 571639201)) (- (- (quote -1022085160) (quote -1958640817)) (- (quote -57542579) (quote -991530783)))))) (- (quote 997936324) 988222155))))
1148695696
#t
#<void>
822305837
((quote #t) <= (+ (+ 1513604911 (+ (- -207037641 (quote 1087713687)) (quote 406038683))) (- (quote 1583386066) 345761919)) (+ (+ (+ (- (- (quote -2031559405) -836866362) (- (+ (quote -224987845) 776694135) (+ (- 1036103030 (- (- (quote -196385478) (quote 144470000)) (+ -1031899164 1610007703))) (quote -1522679144)))) (- (+ (quote 788404444) 558596667) (- (+ (+ -998708799 (- (quote -1199183691) -319812352)) (+ (- -1858967944 (quote -2067255407)) (quote 73353933))) (+ -1535911657 (quote -234096005))))) (+ (quote -1474070852) (- (+ -1157888507 (- (quote 1381105227) (+ 1236881155 -455424629))) (- (quote -1589691277) (+ (quote -1513224657) (- (+ 1761526718 (quote -992397804)) -583820725)))))) (quote -1256799991)))
(#t . -478680495)
#<void>
430346963
P
(#t #t (quote ((void) quote ())) . -1460415968)
-1337630982
DtmL
#f
?R.Of
(-1884767896 . -1969457943)
#t
#f
(((quote ((quote >=) quote exit)) quote (#t void)) . -117640720)
#f
v@>%W
#t
(-597942219 . #t)
#t
#t
((cons (< (+ (+ (- (quote -1847414577) (quote -1980728829)) 238238354) (quote 631308128)) (- (- (- (+ (quote -1062074564) 1441313446) (- (quote 969105254) (quote -572520))) (quote -2030910011)) 1103093866)) (quote exit)) car (cons (quote #t) (quote ())))
#f
#f
()
#t
#<void>
-2126458000
-132727740
#t
g~?m
(#f . 2054677442)
#f
XR
#t
((quote (#t quote ((cons (car (cons (quote 1079856060) (cons (void) (cdr (cons (cdr (quote ((quote #f) . #f))) (+ (quote -1568205904) (quote 437337814))))))) (cons (quote #t) (quote d))) void))) < (- (+ (+ -199923384 296849329) (- (- (- -207008565 (quote -322799808)) (- -538581825 (quote 683332114))) (+ 1167959842 (- (quote 1169855171) (- 1835066160 (+ (quote -289177659) 1651357017)))))) (+ (+ (+ (+ (+ (+ (quote -1672539594) -218018187) (- 633473728 (quote 797240716))) 540907130) (- (+ (+ (+ (quote 20958062) (quote -1511848678)) (- (quote 875022674) 923119175)) (+ (quote 61581154) (+ (quote 1057059738) (quote -878144087)))) (quote -728833082))) (quote 1636184627)) (- (+ (- -1603608733 -1583929879) -1619307610) -447915528))) -1516925874)
#f
1464877554
#<void>
<
-1555805770
-201671035
(185042096 car (cons #f (+ (- -1771176968 (- (- (quote -1397969182) (+ (quote -965279993) (+ 1787491418 -648717442))) (- (- (+ (quote -470653587) -404120927) (+ 1104426565 -202450823)) (+ (+ -1486362351 -501624553) 1354224989)))) (+ (+ (+ (quote -436298682) -80907267) (- 1427005971 (+ (quote 323324305) -57533693))) (+ (- (quote 1030606056) -307259545) (- (quote -225261682) (quote 765216468)))))))
1368925362
#<void>
-1505403678
()
idh
#f
#t
(#t (cons (< (+ (+ (+ (quote 856596740) (+ (quote 354307096) (quote 691982033))) (+ (+ (+ (quote 244831911) (quote 603852426)) (quote -1801940403)) (- 2021110477 (quote 1820012226)))) (- (+ (quote -463875610) -283074069) (- -859529794 (quote -1400492595)))) (- 1143033374 -992890188)) (< (+ (- (+ 1253063030 (quote -1603078445)) 302192818) -26993964) -2110389500)) cons (quote rpUP:) -850805198)
*
1522247485
s/:
exit
((void) . #f)
#f
#f
sQcr
#t
()
238021744
470920347
=
(hD=C . FP==)
#f
-423244966
#f
#f
cons
((* . Cq) . -1810465083)
((void) - (+ (+ (- (+ -1012117042 1426295844) (+ (quote 1983311656) -323484545)) (- (+ (+ (quote 901431781) -164772538) (- -1696213554 -1700270693)) (+ (+ (quote 2043652670) -410882498) -566283422))) (+ (- -201664087 (quote -1731645793)) (+ (+ 601900588 (quote -2020698550)) (quote -171228699)))) (- (+ (+ (+ (+ (+ (quote 974910051) (- (+ 70997866 -1964558987) (- -1420945755 (quote 539777450)))) (- (quote -617327281) (quote -387978624))) (+ (- (+ (- -1692129345 -1402636077) (- 1416117578 (quote 519567529))) (+ (quote -345965198) 1672101228)) (+ (+ -1605596224 (+ 1447531476 (quote -453422555))) 2061280635))) (+ (+ (- -668584310 (quote -568577466)) (quote -1848058869)) (quote 1926740781))) (+ (- (quote 59138946) (- 1316460697 (quote -683627094))) (+ (+ (quote -1872493141) 1039647307) (- (quote 1988884348) (quote 370857687))))) (+ (+ (- (+ -439206095 (quote 96121611)) (+ 636236404 (quote -1873991277))) (+ (- (quote -2047197480) (quote 97825856)) (quote 677854034))) (- (+ (- -306634271 (- (+ 443603308 -1092442735) 677033046)) -1734769490) (+ -494673119 (- -1941035315 -425418150))))))
RDSAf
-1328584744
(>= . exit)
(2145894465 . IbRI)
car
(lM . cons)
(#f . cdr)
#t
((- (+ (- (+ (- 322200743 (- (+ 956903483 -1807035683) (+ (quote 427383818) (quote -1443781881)))) -635066760) (- -1197900072 73903909)) (+ (+ 93799913 (- (- -1990520354 -993637600) (+ -245145348 (quote -1656894300)))) (- -502433022 (quote 742581136)))) 1864450220) . #f)
#t
cons
160360361
#<void>
cdr
#<void>
*
-775533392
(< . -127163874)
#t
J
1379600879
(-1073036850 . 71044921)
v%tch
1042932045
#t
(#t >= (- (+ (+ (- (+ (quote -321179325) -1076608997) 563349967) (- (- (quote 346925098) (- 392849345 (quote 1591907842))) (- (quote 459200504) (+ (+ (quote -1894291276) 912546009) (quote 455688646))))) (quote 296749289)) (+ (- (+ (- (- -1860487961 -802733059) (quote -1054741087)) (+ (+ -496770983 (+ (quote 1102790994) (quote -762897239))) (+ (quote -84570969) (- (quote 1771798726) -27321281)))) (- (+ 1360136260 (- (+ (quote -517371007) -136070924) -859553198)) (- (+ 2028909692 -1733816865) (+ (- -1545149611 (quote -1650757324)) (- -1469508815 -519409242))))) (quote -401134123))) (+ (- (+ (- (- (+ (quote 377842018) (- 655338265 (+ (quote -120341528) -148539343))) (- (- 1200415503 (quote -687313322)) (+ (quote -929712944) 1246792040))) (- -417788897 (- (- 365977505 (+ -1353592449 (quote -236325545))) (+ (+ 1944093040 (quote 30829933)) (- (quote -1679996125) (quote -812266768)))))) (- (+ (+ (+ (- 849443396 -657739374) (quote -1565271980)) (- (+ 922458427 -1076378157) (- 190389677 1210138254))) (- -1821227330 (quote -1323630934))) (- (+ (- (- (quote -593306509) 1173187388) (+ (quote -296080371) -662172213)) (- (quote 1896826197) 936242356)) -1360015227))) (+ (+ (- (+ (- (quote 1171507435) (- -504069129 -537760293)) (- (+ (quote 870396648) (quote -1368322062)) (quote -60106471))) (- (+ (quote -621816543) 1076892662) (quote -660165845))) (- -632189172 (- (- -1425339551 (quote 121176329)) (+ (quote -347332265) (- -933207028 (quote -198640060)))))) (+ (- (+ -797378647 (quote 7168881)) (- (quote 747242761) (quote 1430565729))) (+ (+ (- (+ (quote 673981258) (- (quote -465973233) -1811932238)) (quote 1531349711)) (quote -478146043)) (+ (+ 610913570 1315687456) -309927866))))) 823387461))
#t
-1913561447
-201158630
#t
DOW
#f
#t
179373458
!
-1010063814
cons
2049024153
1333570130
#f
#f
1084258606
h
car
(>e . 1737157272)
260673790
((>= (- (- (+ (- (+ (+ -136359629 (quote -246471788)) (+ (+ (quote 929465666) (quote 239469945)) (quote -1585482496))) (- (quote 970894799) (- (+ (+ (+ 1304987410 -1413451521) (quote -1474554002)) (quote 1526222379)) -1345279285))) (+ (+ -912595177 (quote 1426110075)) (- (+ (- (quote -544665051) (- (quote -2137319620) (quote -1586729597))) (+ (quote -999325939) (quote 2029194361))) (- (+ (- (quote 1307315294) 1430571236) (- 740324903 119968400)) (- (quote -1509963964) -1827188533))))) (+ (- (+ (quote 845839886) (quote -2038192578)) (+ (+ (quote 236063670) (- (- -325019359 (quote 96795833)) (quote -635471997))) (- (+ -1434822943 (+ (quote 344016863) (quote 320148729))) (- (quote 1622640005) (quote 595907052))))) (quote -302763843))) (+ (- (+ (+ (- (- 520889362 (quote 1087043726)) (- 1872572483 (quote 1647593086))) (- (quote -1872131999) (quote -1419811735))) (quote -775102677)) (- (- 812751493 1708332787) (+ (- (quote 241408183) -1038074419) (+ -1592376582 1410224835)))) (+ (+ (+ (- (- (quote 1164483226) (quote 477112708)) -145224373) (+ -872223431 (- 1838613412 (quote 1440753835)))) (- (- (quote 1563333407) (quote 2005363560)) -142747353)) 2008326471))) (+ (+ 365398503 (+ (quote -2118619631) 883063546)) 579235362)) quote SWb)
DX%nJ
((< . 1573922468) . -399207464)
#f
exit
cons
U.ii
-1500293174
#t
((-196107266 #t - (+ -1213711501 (+ (+ (+ 868565822 (quote -769975849)) 451154704) (+ (- -518394757 488516726) (- (quote 1601330380) 1703049420)))) (- -2012924143 -1580641032)) . -1534778116)
void
w<l
(ALhHp)
()
#t
(#t . <)
(!=nP . #t)
((cons (void) (quote yW)) + (quote 764081493) (- (+ (- (+ (- (+ 876924898 (+ (- (quote -390906830) (quote -1018713537)) (+ 636723004 (quote -1392170791)))) (- (quote 1931070844) (quote 1925542491))) (- 404064119 (+ (+ (- (quote 367627986) (quote 414789456)) (+ -1585422402 (quote 1573041517))) (+ 1813108097 (quote -1666933195))))) (- (- (+ (quote -209531413) (- (+ -1707340020 (quote -27716244)) -1499108065)) (- (quote 2032579788) (+ (+ (+ -884415055 686596371) (- (quote -430092823) (quote -304182553))) (quote 2136415059)))) (- (+ (- -25123437 (quote 528733837)) (- (+ 810819236 (quote -700374815)) (quote -172355891))) (- -868440041 (quote -1955884865))))) (- (- (quote -1677708331) (quote -2008407188)) (+ (- -707903418 (- (quote 938831790) 1757243150)) (+ -1236060472 (quote 2037559783))))) (- (quote -449049062) (- (+ 2046583196 (+ (- -1904372016 (quote -290361007)) (- -1744986552 (quote -1581785101)))) 1781506421))))
#t
#<void>
#t
void
()
-1637477463
Pfn<A
car
-2055142765
#<void>
#f
((quote -395611837) quote car)
#t
#t
wbMs
((84705075 . AbYK) (cons (>= (+ (+ 829879171 -1551538484) (+ (- (+ (- 590229890 (+ 1133272474 595228920)) (quote 1733028635)) (+ (+ (quote 1606827815) 76276436) (+ -1776316622 1200614506))) (+ 1634692948 -4334941))) (quote -2031316320)) (void)) + (quote -1319253726) (+ (+ (quote 1985460616) (+ -893479479 (+ -824681987 1187975926))) (- (- (quote -629934463) (- 1220954683 (quote 1687275209))) 534292941)))
#t
(() . -1263590406)
<=
#t
+
(#<void> . 1016776943)
((car (cons (- (- (+ (- (- 364375765 (quote -640995689)) (+ (+ 1362664312 -437332540) (- (quote -903108165) (quote -2106061408)))) (- (- -1111010123 (+ 1103961945 (quote -1885793452))) (- 340700357 1584042798))) (- (+ (quote 2107453913) (- (- (quote -879819342) -384433540) (+ (quote 259159834) (+ -958366450 (quote 1420575670))))) (- (- (- (quote -249932715) (quote -1068753861)) -942120347) (+ 1553986354 -394326923)))) (quote 595725745)) (quote ()))) quote #t)
car
RTgw
=/
((quote ()) . #t)
((quote ((quote 830659700) quote =:y)) >= (- 170441124 (+ (- (- (+ (+ (+ -1802280176 (quote 556678113)) (+ (quote 1128038031) -1211570866)) 1590829210) (- -1059308275 (+ -1193987733 (- (quote 738140846) 1213069278)))) (- (+ (- (quote -1211239311) (- -775949667 (quote 1062007632))) (- (+ (quote 1229433086) (- (quote -1045128652) -501345353)) (quote 1823551461))) (- (quote 765122879) (+ (- (quote -1216151887) -1913389890) 211969441)))) (+ (- (- (- (+ 949635129 (quote 163675361)) (+ (quote -24572800) 658251561)) 1779370280) (+ -1157641168 (quote 973283261))) (- (- (- 958120050 (quote 1352596854)) -1956160455) (+ (- (quote -773882532) -1815535993) 715662354))))) (+ (+ (+ (quote -693747106) (quote 218848225)) -1303856951) (+ (- -1843430969 -1253564881) (- (+ 1541945267 (+ (+ 1562941466 -575799399) (quote -705946656))) 824874302))))
car
exit
()
-1187170759
(#t (quote ((void) cdr (quote ((void) + (- (+ (- 281413136 (- (quote 191884429) 625672549)) -1381469181) (+ -1836782932 (- (quote 1170862651) (+ (quote 390276845) 255320631)))) (+ (- (- (+ 1178946088 21014093) (- (quote -597269684) (quote -1349485246))) -561329704) (- (+ (- (quote 1816197544) (quote 1358957802)) (+ (quote 585790161) (quote -159087833))) (- (quote 92647579) -1751804760))))))) - (quote 1150629273) (- (+ (quote -908101800) (quote 1692692771)) (quote -226396909)))
void
#t
#t
#t
-1759042888
#t
1609493351
e
939229319
((quote -) cons (quote cons) (- (+ 1621282417 (- (- (- (+ (- (quote 83028980) 275542808) (quote -1487915859)) (- (- -1160425059 (quote -1916701460)) (quote 2040420496))) (quote 861735177)) -1572631906)) -195117005))
1018236600
((quote void) - (- (- -499489064 254837863) 415726289) (- (- (quote 310158653) (+ (quote 536575405) -1403708580)) (- 2146232091 (quote 1898691678))))
-2146124930
#t
:PFRr
-1549666658
((void) . #t)
#t
76695124
895119340
V
((- (+ (- (- (+ (- (quote -863209638) (- (+ 85540059 (quote 832912820)) (+ (- (quote 1103127611) (quote -375589255)) (- (quote 39605950) (quote 747264838))))) (+ (quote -160137500) (quote 1992254477))) (- (- (+ (quote -191374604) -1859775371) -1310835142) -1859897797)) (- (- (- (+ (+ -208301224 -1580456345) (quote 1261458404)) (- (+ 272703745 -1905255008) 344800710)) (quote 478620933)) (+ (- 762214537 (quote 703308688)) (quote -691439418)))) (- (quote -394470184) (+ (quote -1318578419) (+ (- (- (quote 1020373452) (quote 2110897172)) (quote -1174097597)) (+ (+ (quote 722434321) (+ (quote -1400208510) (quote -650269357))) (- (quote 2098743295) (- -99493039 (quote -686821262)))))))) (- (+ (quote -1428150795) (+ (+ (+ (quote 273098626) (quote -814072801)) (quote 396148407)) (+ (- (quote 81245227) (quote 2000592994)) (- 1381621956 (quote -303495331))))) (- (- (quote -1643819503) -2069438760) 1746958467))) void)
1484918551
((cons (quote ()) (quote ())) cons (quote -155345182) (quote -2051603300))
(GO . -1197213443)
uw
(#t . #t)
=LjqO
((quote ()) cons (quote ((= (+ (+ (+ -186072046 (+ 248293551 -1278145432)) (+ (- (- (+ -239965990 1713374879) (- -340944286 (- -1356387562 (quote -807773597)))) -857129812) -793838970)) (- (- (+ 409428254 847675316) (- (quote -709887989) (quote -2139694151))) (+ 537058637 -1275354012))) (- (quote 1325164786) (- (- 1312080575 (+ -1334378815 (quote 833261457))) (quote 1900332356)))) quote ((quote /!) <= (- (- (- (- (quote -592372892) (quote -1720340144)) (quote 1763552445)) (+ (- (+ (quote -1443284826) (- (quote -222875687) (quote -730280818))) -1190678000) (- (quote -786859361) (+ -673028364 883235520)))) (quote -1121465173)) (- (- (quote 1410162623) -48079993) (+ (- -1016061697 (+ (- 30828780 (quote 1151372774)) (quote -31923407))) (- (quote 665403900) (+ (quote 2094001873) -876611837))))))) (cons (+ (- (- (- (- (quote -1131451611) -614944823) (quote -1539996346)) (- (+ 520477302 (quote 898093469)) -168271467)) (quote 828316038)) (quote -150297265)) (- (+ (+ (+ (- (- -309388621 -204030659) -1741571178) (- (quote -1889450929) (- (quote 17816374) (quote 1374951483)))) (- (- (quote -199868371) -1835992264) (quote 1878808029))) (quote -614277753)) (+ (quote 1233673976) (+ (quote 297266238) -1142413372)))))
#<void>
(() . #f)
*
-322774054
-793506980
#t
#<void>
(cons (quote haSH) (= (+ (+ (- (quote 1180957961) (+ -796941082 (quote 2062964953))) (+ -1295952615 (quote -163682767))) (+ (- (- (- (+ (quote 763404877) (quote -755878329)) (+ (quote -1568148433) -266185694)) (- -1882503152 (- -550233717 1245326110))) (- (+ (quote 1225756397) (quote -322103386)) 108335849)) (- (- (quote 501115949) (+ (+ -1690080190 (quote -31233109)) (quote 274193294))) (quote 1774649271)))) (- (+ (quote 332339691) (+ (+ 1827735594 (- (quote -772840647) (quote 1364036876))) (- (+ -2073221211 2073306168) (+ (quote 1218002595) -1844294725)))) (- (+ (- -352830157 -364395588) (- (quote -2125261820) -1067020157)) (- (quote 883405455) (quote 1487975671))))))
#f
((quote +) quote #t)
#t
((car (cons (- (- (- (- (- 1224603658 (quote 254598596)) -109893055) (+ (quote -1780989518) (quote 1080522241))) (+ (+ -2074278430 (quote 1369825093)) (quote 1096773536))) (+ (+ (+ (- 1444981242 (+ 200195678 1109810950)) -708775032) (+ (- (+ 1387634297 (quote -1220409570)) (- (+ (- (+ (+ (quote 1911727873) (quote -1517942542)) (+ (quote 973529946) (quote -453794408))) (quote 1837564822)) (- (quote -1109227657) (+ (quote -974785336) (quote 302212805)))) (- -1745926906 (+ 610878281 (- (quote -2057588480) (quote -1738411481)))))) (- (- (+ (quote -805385187) (quote 1549713784)) -41584163) (+ (quote -660219354) -572949497)))) (- (- (+ -1957845130 (quote 1606140391)) (+ (- -990279345 (+ (quote -602631181) -447355547)) (+ (- (quote -1487635448) (quote -497319057)) (+ (- 56317254 -1025040634) -1957224896)))) (- (- (- (quote -1500354584) (+ 609464293 -1403930524)) (- (- (+ 1261200477 -1089223721) (- (quote -337168898) -960149959)) (quote 1174207558))) (+ (- 1935683862 (- (quote 1289363650) (- -1060804473 (quote -1709636942)))) (- (- (quote -1332348315) -1470445525) (+ (+ (quote 897419415) (quote 580969664)) (quote -180512452)))))))) (cons (cons (quote UJK~I) (>= (+ (- (quote -566622050) (+ (+ (- (quote -22411320) (- (quote 230071894) 952400945)) -1518099516) (quote 1765326003))) (- (- (+ (- 1167246301 -705320373) (- (+ (quote -1028964727) (quote 1586096162)) 2011187694)) 1164570892) (- (+ (- -346831734 (quote 195564914)) (- (- 1564492702 388235406) 480501555)) (+ (quote 1640399060) (- (quote -1704468580) -1901999491))))) 940517436)) (cons (quote R) (quote ()))))) quote <)
car
-1711349276
#<void>
(912987662 . 1913235289)
aWXn
718233118
void
((- (quote -651537562) (+ (- (+ (+ (- (+ (- 1568326223 (quote 1699291886)) 1705158907) (+ 262775618 1219278660)) (- (quote -125302064) -639548454)) (- (+ (+ 1264080517 (- (quote -921182658) 209155108)) (+ (- (quote -602519347) -937105705) (+ (+ -665382939 -209072349) (+ -1770543178 2116392314)))) (+ (+ -1102160807 (- (quote -373882843) -1805006551)) (+ (+ -168048037 -1762571051) (quote 2083449603))))) (- (- 1797502312 (+ (+ -1129793573 (quote 1043197534)) (quote 560933034))) (+ (+ (quote 1395400284) (quote 616616817)) (+ (quote -2039951649) (quote 1554798156))))) (quote 62433994))) quote Z-t)
(902643958)
((quote c~So) < (+ (+ (+ (quote -822946999) (- (+ (+ 1524990155 537649982) (- (quote -1930197856) (quote -261479253))) (+ (quote 2007961829) (+ 197189567 -1696849931)))) (quote 1874483122)) (+ (- (- (quote 891026175) (quote -1145232555)) (- (+ -2104037191 (quote 1310293583)) (quote -1879084280))) (- (- (- (- -1372455240 (quote 136478433)) (- (- (quote 565020889) (quote 345087775)) 133820060)) -845436730) (- (- (- (quote -1396051242) (quote -1331423612)) (quote 1999724958)) (+ -1718684973 (+ 680772581 -67864245)))))) (quote -176617594))
#t
1918399082
-353045801
-800874262
439082747
#f
-577054961
-1216876947
#f
-1986874487
()
1498570555
186026780
1123986103
-1792470877
*
-1612583314
CRNt
810970483
#f
-683090811
()
1418644998
#f
((quote ((void) quote ((void) - (+ (+ (- (- 905216805 (quote 981821570)) -1226373438) -1523448317) (+ (- (+ (quote 587600638) 1034728772) (- (quote 1484020694) (quote -121662225))) -1118596045)) (+ (+ (- (+ (quote -1631419448) (quote 111712263)) (- -1755105269 -840345163)) (- -1053519851 (+ 419381784 -1789157887))) (+ (+ (quote 851094436) (quote -677693673)) 231679517))))) quote MeGtn)
-1672013841
>
cons
#f
#f
((quote O) cons (cdr (cons (+ (+ (+ (quote -1078189710) (- 276200273 1187159566)) (+ (- 1792768502 (- (quote 592988324) -180823976)) (- 224158317 -741299907))) (+ (quote 1707798116) (- (- (quote -1137188854) (- 2071093456 (quote 1097544866))) (+ (+ (+ (quote -1906012275) (quote -133561260)) (- 202675767 (quote -318439430))) (+ (quote 585994052) 612097114))))) (- 112008747 1282072042))) (- 512016967 (+ (- (+ (- (- -646581399 (quote -1031597768)) 966868040) (+ (+ (- (quote -1671324524) 96136518) (+ (quote -1141776641) 1911902012)) (+ 1745126500 (- 1024937752 (quote 923880403))))) (- (- 425946151 (+ (- -1043048573 (quote -1305130556)) (+ (quote 1472188849) 309297361))) (+ 73010748 (- -39574203 1694876268)))) (- (+ (- (- (+ (quote 499252289) -1089003944) (- -449652719 -775864597)) -1100107187) -932801831) (+ (+ (- (+ (quote -1703702421) (+ 1630594886 -1834690243)) (+ (- (quote 757351148) (quote 1006741672)) (+ 1970944774 (quote -1749581132)))) (- -118182789 (- -244781189 (- 1291499830 (quote 344506220))))) (quote -960523003))))))
796246393
cdr
-669748492
((cons (quote g) (quote %)) car (cons (car (cons #f #f)) (cons (quote +) (quote ()))))
800115721
#f
#f
((< 999847881 (- (- (- (- (+ (quote 22018665) (- -1034773996 (quote -1221186024))) (+ (quote 411345267) 128463738)) (+ (+ 1671142397 -1898628521) (+ (quote -99882517) 15246234))) (+ (- (quote 2126576845) (- (quote 150876522) (quote -234599541))) -1420516885)) (+ (+ (+ (- 1887897976 751066205) -2026941257) 1427700361) (+ (- (+ (- 1030513410 1215551450) (+ 135468790 650901261)) (+ (- -885631385 -1533814296) (- (quote 628295517) (quote 1981614910)))) (- (+ (+ 139863981 (- (quote 78266214) -1078572168)) (+ (+ (quote 242319666) -1909232495) (quote 1476653538))) (- (- (quote 1088204654) (quote -317929403)) -420665321)))))) cons (quote #f) (cons (cons (quote exit) (- (- (- (+ (- (quote 2004569388) 1896851690) (- (+ (quote -299464885) 14259474) -1462242918)) (- (+ (quote 244925574) -1975105239) -1457241480)) (- 1867909146 (+ 1072523878 (quote 235940769)))) (+ (+ (+ (+ (quote -205013118) (quote -771064967)) (quote 1679983340)) (quote 31482251)) -1332138341))) (car (cons (- (+ (quote -178877093) (- (- (+ (quote -112287819) (+ -44984541 -517476152)) (+ (+ 1077578445 (quote -1499951231)) (- (quote -1804641649) -1570137439))) (- (quote -156674149) -1804565089))) (+ (+ -430271986 (- (+ (+ (quote -372427254) (- 74416072 -2065162607)) (- (+ -1502093867 999492791) (- 1211530959 (quote 1675169962)))) (- (quote 2116253382) (+ (quote -875068991) (+ (+ (quote -345215254) 1452149475) 874494733))))) (- (quote -70971510) (quote 1977586377)))) (cons (- (- (+ (quote 916269288) -742207413) (- (+ (- (quote 1795988968) 226604992) (+ (quote -1415716810) (quote 320560601))) (+ (quote -1547226823) (- 645085894 -1481510734)))) (+ (quote -128684660) (- 2081279913 (quote 1509011119)))) (cons (quote #t) (cons (quote lw) (cons (- (+ (quote -853491135) (+ (- (- (quote -254273596) 842791108) (- 1953125080 1243242647)) (+ (+ (quote 1773072400) (quote -1356845383)) (quote 737520332)))) -2066348822) (quote ())))))))))
#t
#f
V%
1022142571
cons
#f
()
()
#f
()
#<void>
((quote #t) - (- (- (quote -1369689395) (- (+ (+ (- (- 1324883157 (quote 1385957600)) (- -1909656641 (quote -1965370797))) (- (quote 770483825) (quote 1706682475))) (+ (quote 1612767028) (quote -117987970))) (+ (- (+ 1554918173 -1509410361) (+ (- (quote -420283312) (quote -346850)) (+ 992585585 -1889719211))) (- (+ -1645823977 (quote 2073023595)) (+ 255866461 (quote 224134310)))))) (- (- -568448608 76425195) (+ (- (- (quote 1752893380) (- 971486750 -230948801)) (+ -1238723115 (quote 812910649))) (+ (- 623626486 (quote -790994475)) -1229715228)))) (- (quote -819494423) (+ (+ 1021212753 (+ (quote -436567492) -1648254282)) (+ (- (+ 1519449826 (quote -1623416993)) (- (+ 762138043 -479041464) (- (+ 1951985143 31717531) (- (quote 58860160) -1264557673)))) (+ (- (quote 1602093291) (quote -366849176)) (+ (- (quote -1738437860) (quote -1262729387)) (- -353530891 787004549)))))))
1383713867
((quote cons) + (quote 1904855171) (+ (quote -1806148024) (+ (- -1397238738 (+ -43352930 -338906163)) (+ (- 1085450142 737451915) (- (quote -43102086) (quote -568856947))))))
GPIw
((quote void) cons (quote (-1089775113 quote ())) (quote -1494097311))
#<void>
%Jk
(exit . 1795558806)
w
exit
cdr
-1111906023
575295134
#t
#f
(Ut . #f)
#f
((quote ()) - (- (quote 183503521) (- (quote -778438576) 888604466)) (quote 468982617))
#f
cons
((+ (- (- (- (- -250880158 (+ (+ (quote -68220031) 433251477) (- (- (quote -165031878) (quote 570973139)) (+ 1081692108 (quote -1660397401))))) (- (+ (+ (quote 748585790) -1606003311) (- -1431073552 (quote -297724457))) (- (quote -287103293) (quote 1640326774)))) (- (+ (- (+ (quote -301153533) (quote -872685042)) (+ -584448925 -1237615761)) (+ (+ (quote -1036071640) -169902956) (quote -787107910))) (+ (+ (+ (- 1765041132 1296613077) (+ (quote -168931040) 1674664111)) (- (- -421933737 (quote -2109534582)) (quote 1630314042))) (+ (- 936523786 1654385982) (- (- -424755400 686860395) (quote 81230625)))))) (+ (+ (- (- (quote 1500355610) (+ (quote -808943917) (- 1719148383 215469465))) (- (+ (- 323739983 (quote 2045143116)) (+ (quote 1747542486) (quote -889808970))) (- (- -1022996573 (quote -941109742)) (- (- -306335087 (quote -813291793)) (- -674888459 (quote 566699918)))))) (- (+ (+ (quote -944561004) (quote 875429649)) (+ (quote 79727620) (quote 1334962105))) (- (+ (+ (quote -1438899116) 749669598) (- -210339374 (- -1767548558 (quote -639291377)))) (+ 1130237157 (+ 1425650947 (quote -1804950914)))))) (+ (+ (+ (- (+ -1889929622 (quote 2100417870)) (+ -1595854435 1966474048)) (+ (+ (quote -1653764830) (quote -215468557)) (- (quote 530321592) (quote -750327470)))) (+ -1877455638 (- (quote -203130475) (quote -1326517149)))) 829862886))) -611050712) + 721277816 (+ (+ (- (- (quote -685253836) (+ (quote -929614615) (quote 1582481569))) (+ (+ (quote 483011292) -1043561045) 807616988)) (+ (quote -951796446) 1995952135)) (- (- -772175736 (quote 405112214)) (- (+ 1474196471 -1163890529) (+ (+ -1433304409 (- 821466254 (quote -385960550))) (- -1022342942 -1385934528))))))
#t
void
#f
1156357880
#<void>
-1273906568
#t
-118707432
void
2086015704
(2042190325 . #f)
#t
-1280417057
((quote ()) void)
((cons (quote car) (quote ((quote ()) quote <=))) < (+ (+ (- (+ 1962747103 (+ (- (+ -857613381 (quote -1072204754)) (- 335023439 (quote 1655118554))) (quote -422472038))) 1064512877) (+ (- (- (+ (+ (quote 710661871) -982037138) (+ -749789597 724754678)) (quote -2018030845)) (+ (+ (+ (+ 664578841 -1640038032) 1758816413) (- (- -385245196 (+ 1694939325 -171947398)) (quote -1612691178))) (- 170099981 (- -1257754663 (quote -1758360003))))) (+ (+ (quote -1775106760) 483634000) -514694493))) 636592796) (- (quote 984380223) (+ (+ (+ (+ (quote 812723622) (- (- (quote 1422812360) 157226254) (quote 1579928481))) (- (+ (- -2023822290 (quote -99477506)) 2057419528) (+ -1078548311 1824286814))) (quote 1630415258)) (+ (- (+ (- (quote 1844003686) 962715148) (+ 949906451 -2120604556)) (+ (quote -834807373) -403771458)) (quote -2085992138)))))
#<void>
108539049
#t
((quote cons) - (- (quote -1615014421) (- (+ (- -1155565165 (+ 1565673764 (+ (+ 1250223968 (quote -1672946210)) (+ (quote -1964685857) (quote 751430024))))) (+ (+ -1234080678 (quote 627581325)) (+ 1983635067 (quote -273236805)))) (- (- (+ (quote -1948971917) (+ (+ -875133923 1924400032) (quote 409939788))) (- 753883280 (+ (+ 209004717 (quote 737772433)) 757904187))) (+ (- (+ 719457131 (quote -723251271)) (quote 822652522)) (quote -378977853))))) (quote -1624755607))
()
1008164896
(((> (car (cons (- (+ (+ (+ (+ (- (quote 1698969191) 2012919833) (+ -1177901538 (quote -79394719))) (quote 1733940288)) (quote 1143858957)) (- (quote -1770209089) (quote 107036030))) (+ -1367609050 (- (- (+ (quote 270147925) (quote 312168472)) (- -447554170 -646545576)) (+ (quote 1522509900) (+ (+ 1846374747 -1517314682) (+ (quote -2057476406) (quote 1094824892))))))) (cons #t (cons #f (cons (quote =<Zq) (cons (- (+ (+ (- (quote 405264214) (quote -1422757485)) (quote 68200830)) (+ -639996856 (quote -1308174379))) (+ (- -1599728668 (- (- (quote 937990002) 1387935029) (+ (quote 136220754) (quote 1519785460)))) (quote 1138801678))) (quote ()))))))) (- (- (+ (- (+ (quote 1341173643) (quote -1860252283)) (- (- 762491595 (+ (- 272966107 (quote -233147894)) 546343684)) (+ -1202578973 1910189995))) (+ (+ (- 152868177 (+ 1928691443 -1672358982)) (- (quote -1878170827) (quote -562758227))) 68570812)) (+ -1877033949 (- 344830350 -431800816))) (- (+ 1989823441 (quote -1869109981)) (quote -694249070)))) quote <=) . 265047878)
exit
()
(-1951982920 >= . #t)
-
#f
-1373569465
#t
car
#t
#t
(<= (+ (+ (+ (+ 532638937 (- -1021625462 -573117895)) (- (+ (quote 184380171) (quote -1097322014)) (+ (quote -1564169419) -115773219))) (+ (- 110973883 -1272476581) (+ (quote -726402396) (- -1138497150 (quote -1428633548))))) (- (- (- (quote -993595459) 345244938) (+ -1018158373 (quote 1793580121))) (- (quote -807349589) (- (+ 2058391035 (quote -1377008878)) (+ -1574946915 1255671496))))) (+ (- (+ (- (+ -1032184495 1560933467) (quote 804548246)) 1344371517) (+ (+ (- (- (+ -688953573 (quote -379257049)) (quote -1197213148)) (- -1125427177 -2008689964)) (+ (+ 1215773444 (quote -1130393244)) 349534102)) 1115020542)) (+ (- (+ (quote -1950640843) (quote -87363896)) (+ (quote -14756486) (quote -1561134073))) (+ (- (+ -6548347 -1874078712) (quote 96199238)) (- (quote -267816039) -1224698136)))))
#<void>
((quote ((- (- (+ (+ -336442215 (- 1739538634 (quote 421949523))) (+ (quote 2093087631) (quote -2061134569))) (- (- (quote -1060548921) (+ -716072615 (quote 1366284337))) (- (+ 1658682065 (quote -1849617273)) 1890069937))) (+ (- (- (- (quote -541672191) -1684682551) (+ -1078748949 (quote 1896583074))) (+ (- 1293215838 (quote 1223432627)) (+ (- (quote 1235392506) 20691980) -1816282055))) (- (- -1828048606 (quote -977161999)) (+ 1242376536 (+ (quote 892092330) (quote -886835751)))))) quote ((cons (car (cons (- (quote -200832253) -645373388) (cons (cons (cdr (cons (car (cons (+ (quote -818754421) 1621455916) (cons -1567182846 (cons (quote 878749005) (cons #f (quote ())))))) 1791303708)) (car (cons 1158065412 (cons (car (cons #t #t)) (cons (quote cdr) (quote ())))))) (quote ())))) (quote ((quote ((quote *) quote ((- (+ -1691262541 (- (quote 1286361632) (quote 356601874))) (- -856451852 (quote -2124941989))) cons (<= (quote 1110139262) (- (quote -964865267) (+ 168733832 (quote -703499960)))) (- (+ 1813358769 (+ (quote -378152151) (quote -1656569772))) (- (- -816724218 (quote -1151808797)) (quote -1142941610)))))) = (- (+ (+ -885547948 1437896565) (quote 57173003)) 1931151577) (- (+ (quote 1146438288) (- -395820124 888051395)) -1608438598)))) quote ((quote ()) - (- -1511154300 (+ (- (+ (quote 2141308482) (quote -949623098)) (quote 1506132110)) (- (- -1621879018 (quote 64255315)) (quote -1925858632)))) (- (+ (- (quote 989776282) (- (quote -1479032979) (quote -1460207029))) (+ (+ (- -1149299194 -82143588) (- 1025953713 (quote 1554585189))) (- (+ (quote 1649541404) (quote -887338686)) (- (quote -1754765101) (quote -1001763456))))) (+ (quote 1465274215) (- (- (- 585243586 (quote -1233593769)) (- (quote 1199145055) (quote 1334350542))) (- 1432824287 -444650315)))))))) quote f)
void
*
(-1809360932 (quote void) quote cdr)
-1900176268
#t
+
659527341
-525832317
BpP
#t
((+ (+ -199822863 (+ (+ (- 1846265649 (quote 1161837013)) (- (- (+ -1192292206 1224581085) 1643921334) (+ (- (+ -1613001316 979770708) (- -490364420 -562940548)) (- (+ -877271740 (quote 856205589)) (quote -933194837))))) (- (quote 1971928234) (+ -508713023 (quote 1597137154))))) -1653014876) + (- (- (- (quote 1669639080) (quote 1921415681)) (- (+ (+ (- (- (quote -225635559) (quote -1327910306)) (- (quote -191028340) (quote -286022116))) (- (+ (- -555540045 (quote -2113871502)) (+ 38079725 -241439529)) (+ (- 984171224 (quote 814558907)) 1976053173))) (- 1443665840 (+ (quote 1271565279) -1346318706))) (- (+ (- (- (quote -1871068338) (- (- -1630863400 (quote -2107390694)) (- (quote 584558465) (quote 2199803)))) (- (quote -77333349) 739110404)) (- (- (- (+ (quote 792238235) (quote -167920451)) (+ 810124577 -1345621309)) -113699994) 860518338)) -1162735396))) (+ (- (- (- (+ (+ -220337513 (- 459154118 (quote -209610808))) (+ -1031588617 302140667)) (- 2038192310 (+ (quote 1962781601) (quote -1219499663)))) (- (- (+ (+ -220595187 -478688343) (+ (quote -1118740634) 320608937)) (- (quote -710624020) (+ -1403059594 558133955))) 502154494)) 2061371778) 346503233)) -1716871063)
-1485748713
P!!Y
-517789496
#f
#f
-480441391
-
#t
*
PIDs
OogwS
#f
#<void>
1617482705
#t
exit
exit
#<void>
yY>
#<void>
#f
-609347732
CEsPl
#t
+
#f
*
void
445353614
>=
void
377824987
bT
230440927
#f
(-1055223468 . 1913002750)
#t
#f
=YJu
(1691281041)
#<void>
#<void>
#t
651374013
AX
#f
*
1709665438
#f
((void) cons (>= (quote -1133496537) (- (- -1089947747 (+ -77865350 (+ (- 781037760 1918225742) (+ -715316656 1344433876)))) (- (- (- (+ (quote -1170333258) 1565678247) 465468369) (- (+ (- -753581502 (quote -225235302)) (+ 1628551936 (quote -1210910408))) (quote -835599509))) -1414706536))) (cons (<= 164129175 16713121) (quote cons)))
((quote cdr) void)
void
#f
659652330
1143311662
#f
(632708389 quote ((cons (quote ((quote void) quote -1291851547)) (quote cons)) quote W))
(cdr . #t)
114525222
-1395568229
((quote ((void) quote exit)) car (cons (+ (- (+ (+ (+ 1460599697 551799092) (quote -774188637)) (- (+ (- 1666792055 (- (quote -1097887760) -2047245375)) -965871576) (+ (+ (- 1637420746 (- 1760667076 (quote 1490473890))) (- (+ (quote 745887886) -993646232) (quote 605172993))) (- (- 196127574 (- (quote -1693716878) -1101306469)) (+ (quote 886580697) (- 269948134 1278269492)))))) (- (- 2135123373 (quote 1516201811)) (+ 1208392586 (- (+ (quote 503833832) -1840232502) -786998081)))) (- (- (+ (- (- (+ 1542928449 (quote -1962764303)) (- (+ (quote -129934215) (quote 2119481658)) (+ -510388445 (quote 1911130729)))) (+ -1559350989 -477604826)) (- (quote -1901187362) (- (- -859653386 -789865637) 1234031381))) (+ (+ -927394616 1461069255) (+ (- -1658261110 (+ (quote 1590398239) (quote -1402752395))) 90738000))) (+ (+ (quote 1900991177) (+ (quote 1481736150) -1965778297)) (- (quote -970154765) (- (quote 488525635) (quote 1234012739)))))) (cons (+ (quote 1278709193) (+ (+ -287418182 (quote 1180222057)) -597792953)) (quote ()))))
(((cons (quote ()) (cons (+ (- (quote -536001627) (- (- (- (quote -1160342792) 203589558) -1872037741) (+ (quote 1456708719) (+ (quote -1599421875) 1655711302)))) (+ (- (- (quote 1197502397) (quote 1575594955)) (- (quote -1941607889) (+ (quote 728220978) (quote -1113934252)))) -304186556)) (> (cdr (cons (quote Ku@@T) (quote -1493064305))) (- (- (+ -346768814 (quote 672087892)) -1377911176) (- (- (+ (quote -63419750) (quote -718760471)) (quote -2079281988)) (+ (quote -1563408396) (quote 1217390973))))))) void) car -600589360 . -2078002519)
((cons (quote ((quote ?) car (cons (quote #t) (quote #t)))) (quote t)) quote exit)
>
AD
<
#t
cons
((cons (void) (quote ((quote -) car (cons (- (- 20098019 (- (quote 37866922) -1948037166)) (quote 44683831)) (quote ()))))) cons (quote cons) (+ -1805308939 (+ (+ (+ (- -1604567316 (quote -1026881947)) (- -767212359 (quote -1517873403))) (- (- (quote 853112774) 1297380827) (- (quote 139830202) -804603085))) (quote 959025044))))
444762950
(#f cons (quote ((> (- (+ (+ (quote 1485192529) (+ 440972770 -467182319)) (quote -1647113105)) (- (+ (- (- (- (quote 384265024) (quote -1256819721)) (+ (quote -1578138716) (- (quote 196962515) -1719774551))) -73362021) (+ (+ (quote 952387249) (quote -882023129)) (- -335778422 698106829))) (+ (- (+ -1114079227 1985671866) (quote 1232262746)) (- (- (- (quote 1463392971) (quote 428956735)) (quote 1638635854)) (- (- (- (quote 577004240) (quote 453247680)) (+ (quote -226744841) 68073730)) (- (- (quote 66422132) -628306180) 815259423)))))) (+ (+ (+ (quote -19527256) (- (quote 389131103) (quote -1479536261))) (- (- (quote -727939609) (quote -630153210)) (+ 1797734047 -853555295))) (+ (+ (+ (- 819918586 (quote -594358501)) (quote -52128004)) (quote -490184377)) (+ (+ 1314839620 (quote -1944151150)) (quote -1464810882))))) quote cons)) (quote exit))
1775666218
#f
#f
#t
void
#f
exit
+
((quote ()) quote b&X)
=NW
((#t . Pppin) cons (- (+ (- (- (quote -1330796003) (+ -501283657 (quote 712707059))) (- (+ (quote 11812786) -1416776059) (quote 312950309))) (+ (- (+ (quote -441380630) (quote 138849322)) (+ (quote -1335717798) (+ (quote 1683361126) (quote -282729501)))) (+ (+ -655104673 1652181283) (- (quote 723509817) 503230688)))) (- (+ (+ -1936213384 (quote 1190840094)) (quote -720403941)) (- (- (- -1032881004 895558214) (- (quote -181880273) (+ (quote 430593429) 1165984588))) (- (quote 2106486706) (+ (quote 1092437508) (- (quote -1316531058) (quote -1446079765))))))) (quote cdr))
void
#<void>
<
#<void>
-1786866462
#f
1559834591
bI
ff
#t
(quote ((- 223332903 (- (+ (quote 1741475788) (+ (+ -1148682034 (quote 551331666)) (- -1317823419 (quote -1788708190)))) (+ -1359634249 (quote 1812110097)))) > (- (+ (- (- (quote 1574366943) (- (quote 853333073) -802165575)) 1957925039) (- (quote 38164941) -1025800368)) (- (+ (+ (- -212439557 (quote 1566416468)) (quote 483017739)) (- (+ (+ 1104997932 -991692712) (quote -1823999392)) (- (- (+ -219505968 -1177702277) 240650952) -111656052))) -1514474402)) (- (+ (- (+ (- (- (quote -92595216) (quote 708451115)) (- 1031410636 1248398448)) 1915103665) (+ (quote 257233815) (- 32834560 (quote 421822570)))) (+ (- (- (+ (+ (quote 1219229063) (quote -1626663057)) (+ -334415054 683306613)) -1309044696) (quote 780025181)) (+ (+ (quote -1089124876) (quote 1437402233)) (+ -1142319629 561171222)))) (- 1719405151 303876978))))
(#t . cons)
-863919260
1038323224
X
(#t . -1815654450)
(1524419048 . 606686446)
((void) quote #t)
#f
-1753063630
#f
(((quote ((quote fwJ) quote ((quote ((quote ()) quote A)) quote (#t cons (cdr (quote (#f + (+ (quote 1822031399) (quote -1511118674)) (quote 19519917)))) (cons (- (quote -1704480530) (+ -346837517 (- 1026232491 1346192817))) (quote WWZ)))))) quote >) . <)
-1157983493
cons
Z
#f
#f
(1561626234 1810503750 . #t)
((quote >=) . -1468285088)
(K% . gWsh)
#<void>
((void) quote ((void) void))
(((quote ((quote JO=-S) quote %)) quote (-1455792944 car (cons (car (cons (car (cons (< (- (- (- (quote -2094537995) (+ -303152786 (quote -351242069))) (+ (quote -1031339794) (- 1888964847 (quote 384038770)))) (+ (- -39432351 1080917859) (+ (+ (quote 1218762614) -714358939) (quote -458854034)))) (cdr (cons #f (quote -1546095821)))) (cons (cons #t #t) (cons (+ -569258863 (quote 1238550695)) (quote ()))))) (quote exit))) (cons (cons (+ (- (+ (quote 196276953) 702627709) (+ -558866357 (quote 643617557))) (+ (- -1216826928 (quote -1759807297)) (+ (quote 1944326644) (quote -1533626533)))) (quote ((+ (- -962386275 (quote -1294279820)) (- (+ (quote -498497480) (quote -347254743)) -799532729)) quote 1344142710))) (quote ()))))) . 2026028465)
#t
>
((quote (#f void)) car (cons (< (- (+ (+ (- (+ -1072774917 (quote 208156412)) -2007041723) (- -2045981132 (- -1841901975 (quote -78564959)))) (- (+ (- (quote -428575569) -589385544) (- (quote 966999354) 727720141)) (- (- (- (quote -1597029201) (quote -869594248)) (quote 182750821)) (- (+ (quote -663012106) (+ (quote 1183661153) (quote -1708025305))) (- (quote -1975701875) -1570527325))))) (quote 498879554)) (+ (- -1410972346 (+ (- -1909534251 (+ (- (quote 1075963805) 809071130) (+ -968143720 (quote 691628500)))) (- (- (quote 1810695848) 1758069967) -1486130722))) (- (- (+ (+ (quote -653274330) (+ (+ (quote -1514360696) 857741855) (- 1625104980 1373625081))) (+ (quote -1401381362) 1645931550)) (- (+ 195195716 (+ (quote 723101385) (quote -893799390))) (+ 1656768557 (quote -528853519)))) (+ (- (+ 1951981337 122711163) (quote 1189624529)) (+ (- -1728000426 (+ (quote -213641845) -1882684617)) (+ (- (quote 430298778) 998663164) -1488581484)))))) (cdr (quote ((cons (+ 2057685859 (quote -1045326505)) (quote car)) void)))))
(#<void> A . #t)
#t
1084650761
1795126841
(exit -1784105488 . #f)
760763786
Vh
void
((quote tHt) < (cdr (cons (quote >.d) (quote 2144912585))) (+ (- (+ 21024930 (- -377739638 (- (quote -934727542) (quote -1628879489)))) (- (+ (- (quote 1748088775) (+ 635710999 (quote 370153621))) (- (quote -265525810) (quote 692188678))) (- (quote 975621920) (- (- (quote -19456261) -1860204973) (- (+ 1190367870 -1524711592) (+ (+ (quote 729692499) -2031481817) (+ (quote 67434568) (quote -522918018)))))))) (+ (+ 394115704 (+ (quote 916655855) (quote -1106309075))) (- 311532549 2038663027))))
#f
#<void>
-1912004079
#t
-681068715
1823501677
(+He . cdr)
-72184180
-
exit
#f
-1149538850
440400453
#f
((quote C&B@N) cons (quote KA) (quote uU))
()
()
#f
#t
()
*
(#t quote >)
-1076986043
>
((void) . #f)
w
exit
(#t (vh . kq./) . c&jIo)
1181662280
#t
((car (cons (car (cons (>= (+ (+ (- (+ -219514555 406167326) (+ 455571618 (+ (quote 803586310) (quote -454814287)))) (- (quote -304265941) (- (+ (+ (quote -1989496243) (quote 1696245354)) (- (quote 854928163) (quote 1208913712))) (+ (quote 1148850671) 78192871)))) (+ (- (- (+ (+ (quote -1188190137) (quote -958742730)) (quote 1834222172)) 1404326417) -1502262353) (- (+ (+ (+ (+ (quote -1262764374) (quote 463894898)) (- 171201578 -1339406817)) (quote -1184773042)) (+ (quote 1660238932) (- (quote 1613748901) 1924224282))) (+ (quote 1331665485) -1828173219)))) (- 130592466 (- (quote 845440690) (+ (+ (quote -598084501) (quote 1758946971)) (quote 561893492))))) (cons (+ (+ (- (- (quote 287114990) (+ 574627723 (quote -1490462715))) (- (- (- (- 16893133 259235356) (quote -1138696324)) (- (quote -187388057) -754420474)) (quote -374747369))) (+ (- (+ (+ 224113748 1294442470) (quote -1314774464)) (- (- (- (quote 779052383) 332560827) (quote -1307757961)) (+ (+ -1202178431 343986264) (+ (quote 1059951389) (quote -431436314))))) (+ -1477323401 (quote 1966673926)))) (+ (+ (- 1877545907 (+ 1124930711 -280466411)) (- (- -1522901396 (+ (quote -788816756) (quote 158527265))) (+ 296242937 (- (- (quote -1294095815) (quote -537353467)) (+ -2032169905 (quote 1227097192)))))) (- (+ 1353597389 -1381308783) (+ (quote -1450557972) 144523200)))) (cons (cons (+ (+ (- (quote -1461510709) (- (- (quote -1926517237) -1432083405) (- (quote 1986745236) (quote 2053569810)))) (+ (- (- -306646733 (quote -1917804577)) 76460979) (- (- (quote -1223186715) (quote -183058921)) (quote -712925978)))) (+ (- (- (+ -988250893 (quote 959999237)) (- (quote -1771687845) (quote -1171096511))) (- -2051416000 (- 318927728 (- (quote 692341865) (quote -1315847320))))) -299983788)) (- (- (quote 1213122127) (quote -713847254)) (- (+ -172984965 460960292) (- (+ (quote -1793058154) (quote 355769285)) (+ (- -1415113845 (quote 415994558)) (quote 703732954)))))) (quote ()))))) (cons (+ (quote 1208689573) (- (+ (+ (- (- (+ -1006846560 (quote 583988767)) (quote 1411639820)) (quote -1828298105)) (+ (quote 1478612425) (- -604421166 (- 169548996 -1007208192)))) (quote 1430965495)) (- (+ (+ (- -312201452 -1233768463) (+ (+ 1657780287 (quote -1467047572)) (+ (quote -2072203803) (quote 1115253253)))) (+ (quote 850615623) (- (- -1431803624 -2009716450) (- (quote 535405083) (quote -826839614))))) (+ (- (quote -458041353) (quote -501960905)) (quote -1876517805))))) (cons (cons (void) (quote ((cons (quote cons) (+ (+ (- 324635214 -544291454) (+ (- 67007944 (+ 2084072763 -454568436)) (+ (quote -1393490869) (quote 1893948191)))) (- (+ (+ 1862863096 (- (quote 894405251) (quote 1752808302))) (+ (- (quote 685841311) (quote 415550122)) 769497681)) (+ 1525559254 (- -1141413064 (quote 316655720)))))) > -976737633 (+ (quote 1309478277) (- (- (+ (quote 1990041732) (quote -1509702447)) (quote 1826507560)) (- (- 1096499474 (quote 1517339793)) (quote -738276897))))))) (cons #f (quote ())))))) cons (quote *) (cons (< (+ (- (+ 764672894 (+ (quote -1167825764) (+ 1475197906 260671020))) (+ (+ (- -218965445 (quote -118357249)) (quote 1228443509)) (- (+ (- 848353143 776110893) (+ -708600565 1081988166)) (- (quote 1453998044) 951566059)))) (+ -2118786335 (+ (- (+ -1048634986 (quote 620942614)) (+ (+ -61066402 (- -1485822633 (quote -1241590024))) -1630101083)) (+ (quote -1884975802) 1049062580)))) (+ (- (quote -1749306472) -41651869) (- (- 988568868 (quote -618235168)) (+ (+ (quote 210919548) 1060927763) (+ -988066 (quote 46606310)))))) (quote exit)))
2013282199
((cons #f (- 503262932 (- (+ -849894991 (+ (quote 1724023192) (+ (- (quote 538092079) (quote 2001246346)) (quote 954587819)))) (- (+ (- (- (- -1498923887 (quote -2094682798)) 1799674470) (+ (- (quote -2125765224) -1290158321) -666355614)) 1221614333) (- (quote 1667982487) (- -1153351120 (quote -1219204602))))))) + 1831424797 -486999491)
e
(quote -)
#<void>
exit
()
-1490604575
811694512
((cons 567323927 (quote cons)) = (+ (- (- -1791855578 (+ (- (+ -972149776 -646334968) -2021001481) (quote -1354481979))) (+ (- (quote -1615843551) (- (- (- (+ (quote 167020701) (quote -1738944600)) (- -1265959820 (quote -511162734))) (- (quote 377143804) -403832866)) (- -246876636 1435252216))) (- (- (- (quote 923154638) (- (quote 739851936) (quote 1301250469))) (- -652051069 (+ (quote -1808194915) (+ (quote 739087086) 774710799)))) (- (quote 360999860) (quote -1425475099))))) 941931248) (+ (+ (+ (- -1677691187 (- (quote 1774817897) (quote 1422912256))) (- (- 994198489 (- -1043515851 (quote -204387041))) (+ 609058349 -521718340))) (+ (+ (- (+ -392657832 791642962) (quote 31542659)) -1498176396) (+ (- (+ 1555516349 (quote -672219716)) (+ (quote -51669420) (quote 186921645))) 631900544))) (- (- -2042713424 (quote -1397248699)) (- (quote 686335197) (- (quote -1654635972) (- -78619568 (quote 1270053281)))))))
1433172424
car
cdr
((car (cons (= (+ (- (quote -1076845283) (+ -983950324 (+ -1602636036 914922308))) (- (- (quote -803430471) (+ (quote 437614461) (quote -1369208451))) (+ (quote -27728941) (quote -258214690)))) (+ (+ (- (quote -649837434) (- (- (quote 1957867939) (quote 523477995)) (quote 2080690303))) (- 1727615741 (- (- 1539805105 (quote 1081284647)) (+ (quote 1843691056) (- -680750449 (quote 993901002)))))) (+ -1363554803 (- (- 2021181674 (quote 1172515938)) (+ (- (quote -572288020) -516075729) (+ (quote -580563150) -549431131)))))) (cons (quote ()) (cons (cons (- (+ (+ (+ (+ 993063028 (- (quote -951482490) (quote 298242225))) (- (quote -267510115) -1045691860)) (- (+ (+ 1707277465 (quote -1058649644)) (- (quote -343701471) 693034833)) (+ (- -17147388 (quote -1641599343)) (quote -1446819467)))) (+ (- (quote 2115548718) (quote 2030247874)) 1389954731)) (- (+ (quote 603439551) (- (quote 3360363) -1404321958)) (quote 1307827620))) (+ (- (+ (- -14265926 1037512110) (- 1005185759 -293409846)) (- 39235001 (quote -487832678))) (- -30669394 -976448604))) (quote ()))))) >= (+ (+ (+ -1088886760 (+ (quote 1718048996) -1272572066)) (quote 1807495249)) (- (- (quote -1921922356) (+ (quote -1604689513) (quote -461567761))) (quote -366673804))) (car (cons (+ (- 560839815 (quote -245407685)) (quote -1391507540)) (cons (car (cons (quote #f) (quote ((cons (= (+ (quote -1825411170) (+ -483315984 (quote 1404519915))) (+ 101425676 (quote -729266664))) (- -1608581925 (quote -1388932670))) quote #t)))) (cons (quote -) (cons (+ (quote -239835615) (+ (- (quote 2139495812) (+ (quote 1027729899) (- (quote -652163585) 38894292))) (- 1729054750 (+ (quote -289014206) 1928610036)))) (quote ())))))))
cons
()
#t
#t
1972586881
#t
cons
-490169141
1223241191
((quote ruAK) cdr (cons (quote #f) (quote ((quote exit) . #f))))
544963155
1132615840
1069539962
#t
((quote Uk) - (- (+ (- (- -1388971264 (quote -1661573696)) (+ (quote 1891809621) -850633448)) (quote -846388025)) (quote 502959340)) (- (+ (+ (- (quote 47876147) 744345002) (+ (+ (- (quote -471910799) -967061758) (+ (quote 683149982) -1734671981)) (- (+ -1572362516 823074230) (- (quote 1493447271) (quote 1789966307))))) (- (+ (quote -464519956) (- (+ (quote 1571301796) (quote 200523861)) (- 1510330762 -599389639))) (+ (+ (- 401638792 464376684) (quote -1091231417)) (+ -1876038038 (- (quote -770125795) -1745903982))))) (- (quote -474783636) (- (+ -1401465853 648521045) (+ (quote 1650172530) (quote -758395747))))))
99338180
((>= (- (- (- (quote 1006506454) (- (quote 159049549) (- -1491862347 (+ -2083808324 711799663)))) (+ (- (+ (- (quote -798352131) -1899859579) (+ (quote -1452940322) (quote -237685731))) (- (+ 95174663 -84245779) (- (quote 605074088) 569751511))) (+ (+ (- (- (quote 348061458) (quote 1194737638)) (+ (quote 491545505) (quote -1953217595))) (- -240583980 -1489030689)) (- -60754831 (+ (quote -686232046) (quote 1724464967)))))) (+ (- (+ -2012989934 (- (quote 267035762) -1175328508)) (quote -1435373438)) (quote -1971098490))) (+ (+ (+ (+ (+ (- (quote 1186041196) (quote 451242460)) (+ (quote -576025543) (+ (quote -1230865090) (quote 1920121705)))) (+ 1420789236 (quote -1865806214))) (+ (quote 1709906605) (+ (quote -43575037) (quote -1413745706)))) (+ -1204366175 (quote 875649627))) (- (- (+ (+ (+ (+ (+ 189839940 (quote 251310825)) (quote -931738341)) (+ (+ -1108914728 (quote 355550980)) (+ (quote 709752709) 860537441))) (- -101703083 (- (- -164411954 (quote -1244270592)) 82238554))) (- 948504469 (- (+ (- -833138666 (quote -1776882936)) (quote -466832892)) (- (- (quote 280528083) (quote -1716643559)) (+ (quote -442990968) (quote 783248303)))))) (- (- (- (quote 2144688151) 1350098882) (quote -308545912)) 1013448980)) (- (quote -369785673) (+ (+ (quote 1143377766) -264864588) -1391472582))))) > (+ (- -618526581 (+ (quote -1497697006) (- (quote 820162852) (- (quote -711345226) (+ (quote 505002447) -1660120211))))) (- -874975747 (+ (- (+ -1771936732 564057685) (+ (quote 492024850) -122836646)) (quote 1744764630)))) (- (+ (- (- (quote -1095240506) 782004510) (+ (quote -1016772059) -682274889)) (- (+ (quote -304689605) (quote 1624874652)) 1763172602)) (+ (quote -1831879398) (quote 1213861526))))
#t
QXsGP
#t
pHF>
#f
1282918298
((<= (+ (quote -399027975) 1724083781) (- (- -791632456 (- (quote 876431698) 125274475)) (- (+ (quote -1442710324) (+ (+ (quote -46193731) 208485372) (+ (quote 2132717652) -362593954))) (quote 2119860499)))) cons (quote #f) (quote ((quote 1428920213) quote ())))
((- (- (+ (- (- (- (- -925569163 (quote 711975522)) (- (quote 84305476) (quote 481465347))) (- (+ (quote -1488783100) (quote -202464567)) (+ (quote 44974627) (- 492036323 (quote 1411409177))))) (- (quote -1887555418) -1957747854)) (- (- (quote 539707062) (quote -1374088481)) (+ (quote 1867215886) (+ (+ -2010229461 (quote 825205919)) (+ 901083712 -1556232115))))) (quote -550861563)) (+ (+ (- (- (- (quote 151694505) (- 669180239 (quote -1061311851))) (+ (+ (+ (- (quote -1368211928) (quote -1887023836)) 707642322) -1992810386) (- (- (quote -1713747100) (- 760730352 1725773823)) (- (- 2104439378 717203266) (- 654913333 -720971860))))) (quote -470060970)) (- 623941557 (- -282651438 (quote -2044735656)))) (- (- (- (+ (+ 1308232701 (quote -1193440883)) (quote 1969140643)) (- (- (+ -110416784 (quote 1798760247)) (- (quote -666396336) (quote -211729949))) (- (quote 33928890) (+ -723029470 (quote -1205466151))))) 1993522161) (- (- (+ (+ (quote -163964294) 1478083072) -956939960) (+ (- (quote 2022594378) (quote 400923305)) -1284777977)) (- (quote 2046803005) (+ (+ 916552203 (quote -1224982632)) (- (- (quote -532282593) (quote 383283560)) -1939790866))))))) quote K)
#f
#t
-570773305
+
o<
((quote /.) quote ())
725046563
-353983211
srY
616197777
#f
#f
#t
()
-332593149
&
zap*
#t
(-333233260 . 969712265)
((- -118130101 (quote -320594348)) void)
-1536724609
(#t (void) quote U@F)
2060260566
#t
X$sT
((quote exit) quote ((void) quote 473976593))
#t
(#t (quote cons) quote ((quote cons) quote #f))
-1212168981
(#t . 1868472857)
-2002577358
143400841
#t
OY
*S
#<void>
=
exit
#f
1127221518
((cons (quote -1250673528) (= (+ (- (+ -1845215934 (+ (+ (+ (quote 223747069) 1010787140) (quote -298002750)) (- -1733511184 (- -1904133081 72318702)))) (quote 1344106199)) (+ 43697662 (+ 1797637226 -1034442294))) (+ -948772903 (+ (- (+ (quote -1461142939) (- 1220734880 986621095)) (+ 863747155 -1296138208)) (+ (+ (quote -166951879) (quote 1045289290)) (+ (+ (quote -642394651) (quote 143201845)) (+ (quote -994757708) (quote 855844802)))))))) cons (quote ((+ (quote -268360466) (+ (- (quote 1304123322) (+ (quote -1173889006) (- (+ 1147869580 (quote -1505539081)) (- (quote 1028119082) 2105102405)))) (- (- (- -1376319399 (- (quote -343709901) 325358431)) (- (+ 1623977792 (quote -736051561)) (quote 2032946676))) (+ (- (- -1225143873 (quote -290968729)) -249606751) (+ (quote -373895678) (quote 1118294672)))))) car (cons #f (quote ((>= (- (+ (quote 1726277156) (quote -1575577058)) 691957981) -721003651) + (+ (+ (- (quote 68785854) -1802635642) (quote -685600851)) (- (- (- (quote 280533436) 2095312804) (- (quote -627461239) (quote 819011654))) (+ (- (quote 1001128925) -770829759) (- (quote -1077206655) -504243911)))) (+ (- (- (- (quote 1543033301) 349971037) (+ (quote 529018343) (quote -1319303998))) 1215367799) (+ (quote -980751616) (- -170426322 (quote 208150551))))))))) (quote (#t . #f)))
#f
#f
=
A-
#f
cdr
()
car
#f
#f
((cons (+ (quote 275089123) (- (quote 364069078) (quote -934859655))) (quote *)) . #f)
#<void>
((quote exit) quote cdr)
#f
1223057826
((quote ()) + (- (- -1000106833 (- (- (+ 1243141935 -1628456095) (quote -936127164)) (+ (- 1095710540 (quote 527190744)) (quote 388510872)))) (- (+ 401593419 1567639269) (- (quote 586038424) -57282364))) (- (- (quote 988871785) (+ (+ (- -196545400 (quote -345095424)) (quote -473855114)) (+ (quote -1727889108) (quote 1796898404)))) (- (- (- (quote 304631588) (quote -31457774)) (+ (quote 1685179565) -1735245818)) (- (+ (- (quote -255060258) 509017698) 1491283441) (+ (- (+ (quote -894394780) (- 912869882 162214266)) (quote -1359693973)) -330250441)))))
()
void
#f
(#t . #t)
367301323
+
-
car
1618237621
1847968036
((quote ((quote -) > (- (+ (+ (- -1591355716 154352820) (+ (- (+ (quote -1596066915) (quote 885759961)) -863730181) (+ -879769703 (quote 990612768)))) (+ (- (- (- (quote -189582236) (quote -1596252449)) (+ -1030454170 (quote 1695895073))) (quote 460411964)) (+ (quote 951628453) (- -2048573450 (- (quote -1828553858) (+ (quote 1083080612) (quote -1434563748))))))) -2048448009) (- (+ (- -1055829808 (+ 1627906999 (- (+ (+ -1831706838 (quote 1873705187)) (- -1005339336 975195821)) -568351357))) (+ (+ (quote 2043224189) -91677790) (+ 1262892750 (- -1409937599 (quote 203892271))))) (quote 533424861)))) cons (quote ((quote ((cons (quote void) (quote void)) cons (quote *) (quote ((quote ()) quote X.Rm)))) - (- (- (+ (quote -421199661) 295698701) -1574281138) (+ (+ (+ (+ (quote -1615988084) (quote 1652212253)) (- (quote -658153509) -535467302)) (+ (quote -408350874) 853941782)) (+ (+ (quote 751299129) (quote 1216509435)) (+ (quote 1003780217) (+ (quote -1865811324) (quote -126616011)))))) (quote 1650139310))) 1097424730)
-463414277
#f
(1062676021 . &.E)
(?n_il . -671470979)
#t
-1816013608
((quote #t) quote cons)
<
e
#f
#f
901265658
void
#<void>
((quote cdr) quote ())
-459437605
void
-1340071260
((() (exit . exit) . #f) . H.fh)
((car (cons (- (- (quote 300293392) (+ (+ -227575610 759081161) (quote -1760928101))) (- (+ (- (- (quote 1724952026) (quote 1200697343)) (quote -1247551751)) (+ (quote -1908276224) (+ (quote 1180749618) (quote 693046590)))) (quote -155017534))) (- (quote -1613179667) (- -58982029 (+ (- (- (- (quote -823092518) -150862243) -1303941887) -270950795) (+ (+ -956969364 (+ (quote 2142259696) -1744703319)) (+ (+ (quote -162642885) (quote -1575265215)) (quote 1346254100)))))))) quote ((quote cons) quote >))
#<void>
1135505741
(#f . cons)
#<void>
-1031185712
cdr
-1698517985
((#t . 2031189327) . 1203166803)
(((< (- -2137586862 (+ (- (- 61257236 (- (- 511389693 (+ (quote -300043958) (quote 835800398))) (+ (quote 1859127630) (quote -1778909647)))) (+ (- (- (quote 47604491) (- 618476824 405474044)) (quote -603494683)) (+ (- 1975192526 (+ (quote 491479664) (quote 1370434788))) (+ -1393401269 (+ (quote 706088964) (quote -318816654)))))) (- -2021599559 (+ -1737096335 (- (quote -295870187) (quote -1813188628)))))) (- (+ (- (+ -1130540717 (- (quote 1963935423) (quote 1869206193))) (- (+ (quote -1836626928) (+ 403081033 (- (quote -1323979674) (quote -1522710477)))) (+ (+ (quote -1050607219) (- (quote 877809274) 570263104)) (+ (- 1560170916 (quote 889998471)) (- 244598981 1424941208))))) (- (quote 1061462613) (+ (+ 1798429488 (quote -531675793)) 692940679))) (- (- (+ -1038882879 (+ (quote 1571614334) (+ (quote -855033245) (quote -149875767)))) (- (+ 393297980 (- (quote -887067924) (quote -1787516555))) (- (quote 1021248036) (quote 29293467)))) (- (+ (+ -1440643573 (quote 1016804643)) (+ -795848974 5724539)) (quote -745608167))))) + (- (- (+ (- (+ (+ (quote 2089501370) -27134102) (- (quote 487664072) (quote 1855552045))) (- -680596892 (quote 176778382))) (- 13915724 (quote 1617900191))) (- (- (quote -1699749296) (+ (- (quote 1321601257) 1404959128) (- -1726073719 -146727842))) (+ -315003029 (- 295317239 (quote 1247943522))))) -1974046544) (- (quote -882771083) (- (+ (+ (+ (quote -299908819) (- (quote 603935636) (quote 1593889987))) (- (quote 437095512) (- (quote -1260861438) -1605697074))) (- (- (+ -1130197137 1177330998) (quote -1756068988)) (+ (+ (quote -587934817) (quote -690173736)) (- (quote -673790705) (quote -1789490744))))) (- (+ 1264831589 (quote -726308724)) (+ (- (+ (quote -59491921) 1438496704) 68042180) (+ (quote -1558106106) -40943627)))))) . b*~+)
*
#f
#f
#t
(#f (quote ((car (cons (+ (+ (+ (- (quote -968166909) 223083973) 1695693941) (quote -1927045096)) (- (- (- (quote 1825300348) (quote 481829635)) (+ (quote 535269327) (quote 786866660))) (- (+ (quote 142868339) 295363199) (+ (- (quote -2084177049) (quote -963701893)) 1304836421)))) (cons (quote *) (quote ((quote ((quote (#t void)) quote <=)) . #f))))) cons (cons (> (- -879683674 (- (+ (+ -2063588981 1419956443) (- 1733102986 (quote 496577459))) 1296437018)) (car (cons (- (- (+ (- (quote 1253229061) (quote 785482154)) (- -227992812 (- (quote 1318400566) 677841966))) (- (+ 1400464641 (quote 330489609)) (- (quote -1443130160) (quote -1767806662)))) (+ -532376963 (- -865762546 542623208))) (cons (<= -910257455 (+ (- -1373064448 (quote -986005931)) -1299678724)) (cons (quote >+J) (quote ())))))) (quote -)) (cons (quote ((void) < -1460801787 (+ (+ -40066274 (quote -297839966)) 2036338686))) (+ (+ -1619396221 (+ 258486852 (quote 1530662017))) (- (quote -356418408) (- 1656936066 (quote -112618418))))))) cons (cons (quote exit) #f) (quote ((quote bhIqV) = (- 1811685040 (- (- (+ (- 970347315 1857797514) (- (quote 671254403) (quote 1302667053))) (+ (quote -2135450391) (quote 1358223192))) (+ -91307577 (+ (quote 573735641) (quote -1870821433))))) 2003436031)))
232023510
-1929159834
#t
#f
((quote car) quote #f)
360438788
#t
()
(-1870825363 . #f)
#<void>
<=
+
#t
-1869105476
void
car
()
()
((car (cons (= (+ (- (+ (- (- (+ -126087860 332165886) (+ (quote -755748340) -333589807)) (+ (+ (quote -279043583) (quote -1435155762)) 1344456750)) (- (- (- -1961943579 (quote -1192439600)) (+ 1873634240 (quote -640357359))) -1791446423)) (+ (- (- (- (quote -413442731) (- (quote 1895341090) (quote 1310531441))) (+ (quote -831876239) -1145768731)) (- (+ (- (- (quote -1843811173) (quote -148790366)) (+ 625880148 -416964431)) (- 1854189558 (quote 1133532977))) (+ -2062570524 (quote 1805805812)))) (+ (quote -1804013714) (+ (- (quote 2134885448) 842586514) (- (quote 227203065) (+ -506993162 (quote 1964449674))))))) (- (+ (- (+ (- (quote -1757443380) (quote 61680041)) (quote -207108573)) (+ (+ (quote -657640168) (quote -490881947)) 444805670)) (- (- 2004509295 (- 1710635583 -404289451)) (quote 496370988))) (+ (quote -1683012806) (- (+ (quote -949357857) -182796058) (- -670124707 (quote 1333489931)))))) (+ (+ (- (- -1394565880 (- (+ (- 1593639199 1866300509) (quote 1364475639)) (+ (quote 1683390445) (quote -498456984)))) (- (quote -1773377099) -1855185092)) (- (- 353141702 -1728580248) (+ (- -424241472 -2000487008) (+ (- (+ -515757346 -524072650) (quote -254393856)) (+ (- -1702222028 -2008861147) (- (quote -1127375364) -1000687248)))))) (- (- (- 1140409658 927566975) (quote 1960019216)) (- (quote -1372239045) -504851692)))) (cons (+ (+ (+ (+ (quote -1801769448) (- -187265045 (- -986091725 413482921))) (- (+ -873592068 2129590518) (- 2118006725 (quote 593979519)))) (- (- -1405514891 -2011327427) (quote -716298196))) (+ (- (- (+ (+ (+ (quote 220173917) (quote 661083203)) -1388459649) (- (- -964926854 -1955763420) (- 784857932 -666179293))) 567924768) (quote -2118695223)) (+ (- (- (- 1807020572 (quote 761617680)) 2025582892) (+ 88031856 (quote -2081136731))) (- (- (+ (quote -745642809) (quote 37987939)) (+ 252676992 -717082955)) (+ (- (quote -420025334) -1499909477) 799442336))))) (- (- (- (- (quote -973302413) (quote -1932942561)) 1259379365) (+ (+ (- -1232070648 -833218707) (+ -789068163 322166433)) (+ (- (quote 1898205473) 1585544311) (+ (quote 749619448) 871773958)))) (quote -579154495))))) void)
cons
#<void>
(-764407648 . #f)
#f
()
467091352
()
cons
((quote ((quote ()) quote #t)) quote %?YsF)
-685480657
-420781689
(>=)
#f
-753030681
car
void
#f
-1303044439
#<void>
#f
((quote LijIb) quote K_@L)
359870152
-1975116888
#f
(#<void> (quote ((quote #f) quote =)) quote GD=x)
((- (+ (- (+ (- (- 1536789019 (quote 360782602)) (- (+ (+ 1509953601 (quote -1580063098)) (quote 416540097)) (- (quote -866692570) (quote -966716662)))) (- (- (+ (quote 1319223996) (quote 723905640)) (- 2006342673 1394914199)) (+ (quote 1283593047) (+ -1677848173 (- (quote 1623007588) 904492556))))) (quote 1791337006)) (- (+ (- (- (+ (- (- (quote 791373747) (quote -538918183)) (quote 245003862)) (+ -1647888012 744168252)) (+ (+ (quote 457603068) 1095568296) (+ (- -1769503976 (quote -740035399)) (+ (quote 372339696) -923445388)))) (+ -1367350615 (quote 32930917))) (- (quote -1353780821) (+ (- (quote 1180305504) 37478426) (quote -525760067)))) (+ (quote 395305972) (- (+ -1599317167 (quote 424717067)) (- (- 1017898071 2014073911) (+ (+ 1181699657 (quote -593131116)) (+ 279879076 (quote -586248425)))))))) (- (+ (+ (+ (+ (- -1253598148 -123657941) (- 905382391 830854957)) (+ (- (quote 1773600081) (quote 642246853)) (+ (quote -657253480) (quote 766773441)))) (- (quote 226381082) (+ (- (+ -1781300942 1986527989) -1838597749) (+ (- 1923208701 (quote -38311784)) -2079444566)))) (- (- (quote -1420873306) (+ (- (- (quote 1592571902) 1134441633) (quote 837367851)) (- (+ (quote 672306450) (quote 227837460)) 1222584711))) (+ (- 766836268 (quote 1783976130)) (- (+ 1426929264 (quote -697104403)) (quote 956958874))))) (+ (- (+ (+ -1358113053 -466941356) (- (+ (- (quote 1160589078) (+ (quote -2079188679) (quote 1102369052))) -1356070662) (- (quote -928515926) -404390861))) (+ (+ (- -66687021 -384246708) (- (- (quote -1099343712) (quote -1454418049)) (+ (quote 1210597395) -1835589126))) (- (+ (quote -768023352) 2037961897) (quote 1303507547)))) (- (- 804925722 (+ -1656164672 (quote 1596821623))) (- (+ -839523829 -1214749067) (- 1074878602 (quote 1854372367))))))) quote cons)
#f
1940781319
#f
#t
#f
2044680717
-537354424
gPzbz
exit
#t
2124959494
-1367386740
#t
cdr
1627510849
((quote g) < (+ (+ (+ (+ -1933464697 1072459371) -741061181) (+ (+ -91413859 1022267630) (- (- 1966907940 (quote 432042633)) (+ (quote 433199522) (quote 646014327))))) (- (- (+ (- (quote -1485868773) -2108279767) (quote -774363241)) (- (+ 165515929 -1006825518) -266102299)) (- (quote -360308933) (quote -1892162811)))) (+ (quote -1752368084) (- (+ (- 1701095175 (+ (+ 1756529901 (quote -626242480)) (+ 99267413 -1470989226))) (+ (quote 1422028927) (- (+ (quote -1505360939) 793027441) (- 1467231789 708236194)))) (+ (+ (quote -163646709) (+ (- -404007523 (quote -729904922)) -917939258)) (- (quote -80931329) (- (- (quote -1893615969) (quote -913873485)) (+ -421083336 (+ (quote 1776681654) (quote -1099058775)))))))))
((+ (quote -959683013) (- (+ -173756509 1973679932) (- (quote -1237248549) (- (- 1866875226 (quote 1715745199)) (- (quote 243772280) -1142752459))))) quote car)
=
()
522201412
#t
(((#t quote ((- 1685366777 -190620239) . #f)) . exit) 1364742666 . >)
#f
!
((quote ((cdr (cons (+ -269658982 (+ (+ (+ 1157330954 -1371735631) (+ 1794271662 (- (- -1866220621 (quote -507525930)) -1664396098))) (+ (- (quote 1420333797) (+ 573604095 (+ (quote -619915477) 1702407374))) (- (+ (quote 1528470350) (+ (quote 1393721863) -1339654867)) (+ (+ (quote 317900811) (- -602959333 -1453241443)) (- 399446603 -488815895)))))) (quote <=k~B))) quote ())) cons (cons -356339202 #t) (quote ((quote +) quote ((quote <=) car (cons (- (- (- (- -1456686165 -514254016) (quote 966394505)) 194273364) (quote -651323485)) (cons (cons (quote ((+ (quote -942489715) (quote 1221014943)) quote -1229040191)) (cons (= (+ (quote -1958317931) 1521297686) 1792451446) (void))) (+ (+ 1814133838 (+ (+ (quote 369390316) (quote -1101496000)) (+ 280481591 (quote -486484322)))) -582017948)))))))
#t
#f
(#f (94850995 quote QTs) . 1203658586)
#t
1905638950
tW
(#<void>)
(#f quote ((quote ()) void))
#f
()
Da$cc
+I-e
((void) quote exit)
-2034157030
1809295996
()
cons
((- (quote -1677683494) (quote -913792320)) quote (#f quote 966041871))
-%A:
#<void>
((quote cdr) quote ((quote ((quote ()) void)) + (- (+ -435168193 (+ (quote 777026159) -1132621962)) (+ (+ (- 1313697992 1726623596) (+ (quote 68867691) (quote 1169555627))) (+ (+ (quote -246801525) (quote 2069193788)) (+ (quote 480968864) (+ -761275306 -1339615014))))) (+ (- (quote -665097149) (- (quote -1461262301) (quote 390053038))) (+ (+ (- (quote 284472940) -78473035) (+ -1804315195 1666771883)) (- (- 200627140 199662014) (+ (quote -419612560) 485454095))))))
((quote ()) - (- (- (- (+ (- (- (quote 1314937498) 1140869312) (quote -1070996318)) (- (- (- 419729969 -787984304) (- (quote -972890731) (quote -2018091753))) 367698264)) (quote 1984679319)) (+ (+ (+ (quote 461647455) (+ -616725392 (quote -284523523))) (- 113443396 (- (quote -1020070568) (+ (quote 2022782699) (quote -1875569156))))) (+ (- (- (quote -339947055) -1387448282) (+ (- 1099936403 1641158250) 2133818858)) (quote -1601592472)))) (- (+ (quote 720100807) (- (+ -467305565 -150636349) (quote -1702464882))) (+ (+ (- (- (quote 1423660773) 1623908715) (+ -1669883785 330939826)) -57682029) (quote 759721441)))) (+ -991561529 (- (+ (- (- -896889894 (+ (quote -936586979) 588069351)) -1444732288) (+ -953033968 (quote -433791227))) (+ (+ 61350201 (+ (+ (quote -1870644717) 1994114943) -1233721977)) (+ (+ 463158809 1605767079) (+ (quote -2114717961) (quote 1333482477)))))))
((quote ((quote BoE) car (cons (- (+ (- (+ (+ (quote 833088471) -67513740) 1110293653) (quote 191886893)) (- (quote -638476912) 1434719893)) (- (+ (quote 1079273092) (+ (quote -1416455200) (quote -349209633))) (quote -1828257558))) (cons (quote >=) (quote ()))))) quote q%H)
(((quote ()) cons (quote ((quote <=) cons (quote void) (quote ()))) (<= (- (- (quote 142976980) (+ (- (- (quote 378494239) (+ (quote -1172308590) (quote 668954566))) (- (quote -314035729) (quote -925926550))) (- (- (quote -2004558768) -853822055) (- (quote 694624261) 2025611403)))) (- (+ (- (- (+ 1864748359 -32868890) (- -344161550 (quote -1578492562))) (quote 1079574263)) (quote -762336818)) (- -414151555 (+ (- (- (quote 16509124) (quote 361249544)) -1982546577) (- (quote -621270440) (+ (quote -974064428) (quote 1799944449))))))) (- (- (+ (quote 1609681816) (quote -1473598923)) (quote -1205618355)) (+ (- (quote 70208993) (quote -434129894)) (+ 1232563443 -2001663513))))) . #f)
()
UkeYN
#f
959463673
a
((< (+ (- (quote -1503698727) (+ (quote -465698014) (- (- (- (+ (quote 621325553) -1368659510) (quote -1406696385)) (+ (- -1331601045 (quote 79261204)) (- (quote 873340493) 75406642))) (- (+ (- (quote 504591646) (- 1635751858 (quote -56801824))) (quote 871071541)) -1811338422)))) (- (- (- (- (- (+ 1489081651 (quote -588368805)) (+ -1452693075 683282815)) (- 2040620861 991706652)) (quote -836313178)) (+ (- -367543613 (+ -1586108066 (+ (+ 504685250 171341209) (quote 407103851)))) (+ (+ (quote 1025376589) (- -480119265 (+ (quote -818829988) (quote 1695859576)))) (+ (+ (- 185912249 -1455498604) -701781610) (- (- -1463049651 57735005) (- -1229511375 (quote -102327373))))))) (+ (- (- (+ (quote 621501368) 1374445252) (quote 306679917)) (+ 451344635 26802211)) (- (+ -1297943460 (- (- -238296057 (quote -1184499483)) (+ 1417485518 -715483795))) (+ (quote 262420083) -1324000932))))) (- -1576796652 (- (- 1049890582 -864335988) (- 185707212 (- (quote -878353597) 437465879))))) quote ((>= -1075316648 (+ (+ (- (- (+ (quote 212542892) (quote 504879955)) (+ -1106340395 (quote 1113125923))) 2128545095) (+ (- 578652194 494705157) (quote 1860666721))) (+ (+ (+ 1715104036 (+ (quote -72849875) (quote -1816990826))) (- (+ (+ (quote -1858739397) (quote 518029667)) (- 149264246 236258612)) (- (- 586650842 (quote -124050250)) (- (- (quote 1090524130) 233086210) (+ (quote 430928772) -919437547))))) (- (+ 734305048 (- -854149979 (+ -1912278876 2137774663))) (quote -1091124520))))) quote 854349377))
(car . 1264560403)
#t
459264258
KQ>%
590752124
((cons (quote t) (cons (> (- (- (- (- (- (- (quote -144357252) 853754978) 347243934) (quote -1256439864)) (- (- -1053969762 200072329) (- (quote 335009903) (quote 1665985285)))) (+ (- (quote 682383497) (quote -598157534)) (- -2031681 1867001115))) (+ (- (quote -944187423) (- -1120243687 (quote -602860855))) (- (- (quote 947595410) (+ (quote 1298126473) (quote -2039483785))) (- (+ (quote 1137301947) (- (+ -536797654 (quote 2088903314)) (+ 1368951047 57585469))) (- (quote -924927321) (+ -1542766101 (- -299040290 (quote -608360824)))))))) (- (+ (quote -269120633) -1839792618) (+ (- 1480809363 1145435084) (+ (quote -1823514398) (+ (quote 790747235) (- (quote 273000666) (quote 590920463))))))) (+ 812368677 (+ (+ (+ (quote -1337695586) 952091063) (quote -1113144568)) (- -819492076 (quote -1527077925)))))) > (- (+ (- (quote -1396104470) (- (+ (quote 871558871) -534674009) 2044257220)) (- (+ (- (quote 933602645) 455435336) (- 2088901340 1036472124)) 962903617)) (+ (- (- -1217021844 (+ (- (- (+ (+ (quote 2059832069) -1838326915) (- -476155602 127438862)) (- (quote -1337082740) (+ (quote -176158953) 134473057))) (- (+ (+ (quote 1256399472) (quote 690032988)) -419516068) (- -855830675 -1015315721))) (- (+ -585706417 (- -1995806294 -2003469085)) (+ -930559470 1284700630)))) (+ (+ (quote -1121772252) (+ (- 1537761425 (- -993560722 (quote -1480873557))) (+ 1386002271 -1861142224))) (- (- 578702625 (- (quote 502891869) (- (quote -1066817202) -1141603356))) (- (+ (quote 187848132) -776036489) (+ -1077374377 (quote 1379934554)))))) (+ 2136999379 (quote -558118224)))) (+ (+ (- 126748222 (- (+ -2048374125 (- (quote -518674973) -964687839)) (- (- (quote -1300000704) -390273835) (quote 744458826)))) (- (quote 926555984) 151550935)) (- (- (- -1259533192 (+ 1881347200 -1613379928)) (- (quote -630185839) 749462222)) (- (- (quote 902239117) -981388264) (quote 395607205)))))
-1896065224
((quote void) quote o)
void
-1084224741
#f
void
1610627817
#t
(#f (void) quote ())
(#f (quote ((>= (+ (- (quote -844875900) (+ -794191065 (quote -799554687))) (- -179212116 (- 1774430343 (quote 1449164733)))) (+ (- (- (+ (+ (- (quote -2108007223) (quote -2094638185)) (- (quote -159429630) 1087212916)) 1828081154) (+ 114706763 (- (+ (quote -2025658911) (quote 276564305)) -418726205))) (- (- (+ 1916153444 (+ (quote -1659481184) (quote 528153668))) (- (- 995829385 (quote 1762517468)) 172114780)) (+ (quote 95416642) 50474331))) (+ 1288763628 (- (+ (- (+ 370996632 64623684) 870596029) (quote -587996158)) (+ (- (+ 413869138 (quote -1907985526)) (quote 481484801)) 678148480))))) cons (+ -1344705716 (+ (- -1742728749 -1245600419) (- (- (quote -187661907) (quote -1495347169)) (+ (+ 870574060 (- (quote -530400449) (+ -703259462 (quote -590863369)))) -1153705142)))) (car (cons #t (cons (quote ((quote cdr) quote (#t quote exit))) (cons (+ (+ (- (+ -1325998427 (+ 337673807 (quote 1797209968))) (+ (+ (quote 447332131) (quote -229840464)) (quote 1175698425))) (+ (- 969208084 (quote 1403709715)) (- (- -669775547 (quote -933896965)) (quote -1555676693)))) -1787794837) (cons (quote ()) (quote ())))))))) cons -1295516762 (car (cons (cdr (cons (quote <=) (quote #t))) (cons (quote G%) (cons (quote ((quote =G) quote ((quote ((quote -) - (- 247670443 (- (quote -1467330482) -242589503)) (+ 1976918796 (+ (quote 236049247) -1950398960)))) <= (- (- (quote 340294171) (quote -519191479)) (- -688979806 (quote 360824793))) (car (cons (- -613803400 (+ (quote -323976479) 1805086400)) (quote ())))))) (cons (+ (+ (- (quote -1650868713) -2138335340) (+ (+ (quote 1114533955) (+ (quote -1698355532) 1732432098)) (- (quote 71679675) (+ 294999326 (quote 1230587505))))) (+ (+ (- (quote -1885217223) (quote 115453146)) (- (+ (quote -970507606) (quote 898801307)) -636469125)) (quote 1049969809))) (quote ())))))))
*
#<void>
#f
(-533793627 . #f)
(#t . Y>)
-1293892930
((quote void) quote ())
#t
#t
-1319466145
#f
1599583032
()
#f
480215893
#f
<=
#f
#t
-225816895
((quote car) quote jP)
()
#f
348934913
-1412330299
-
cdr
(() (quote ((quote void) quote cons)) quote >)
(#f . 133319508)
#<void>
exit
#<void>
-1070188619
#t
-566576735
1960223831
-430903309
-2144338230
G$
#f
-400344811
#f
((((+ (+ (- (quote 2112426149) (+ (- (+ (- (quote 780768488) -461290261) (+ -2056484834 302242468)) (- (+ (quote 331225584) (quote -1535521416)) (+ -1232315916 981998280))) 1276408927)) (+ (+ (+ (quote -32028388) (quote 600832847)) -1933487984) -199308225)) (+ (- (- (- (+ (- 241079967 1279989148) 778078935) (quote -1689184243)) 1759082144) (+ (+ 331535132 (- -224001146 1295581814)) (- (+ 373611332 (quote -249067113)) (+ 344497515 (quote 93477484))))) (- (- (+ (- (+ -1905589634 1287239640) (+ (+ 1166992648 -1897584732) (quote -1099381407))) (+ (quote 1070700015) (+ (quote 415761798) -1820628534))) (- (+ (quote 957794780) (- 108625855 (quote 579929789))) (+ 18258874 -796887460))) (+ (+ -1411577332 (+ 2109089100 -1912134439)) (+ (quote 1361589071) -183388213))))) + (+ (quote -42183398) (- (+ (+ (+ 1118026536 (quote -751835265)) -1490093295) (quote 200638479)) -388630834)) (quote 817554178)) . #f) . -)
(In . exit)
(exit . exit)
-2132706190
217371188
(1642301437 (quote void) car (cons (+ (+ (+ (quote -389842846) 98547259) (- (- (- -378576460 (- (quote -1831265304) (quote -773828715))) (+ (- (+ (- (quote 1071699382) (quote 1398185977)) (- (- (quote 1835420606) 551931526) (quote -741630878))) (+ -474431240 1576607506)) (- 182916848 (- (quote 999188672) (+ (- (quote 466583317) (quote 1222620418)) 698037549))))) (quote 304008978))) 1278982813) (cons (quote void) (cons (quote exit) (quote ())))))
650195377
GSi
((- (+ (quote -1128935674) (- (quote 1739599344) (- (- (+ 300359028 (+ (- -462739535 708207405) (+ (quote 89757409) -969417856))) (- (- (quote 1152958606) (- (quote 919581892) (quote 398922901))) (quote 2117967276))) (+ (+ (quote 2076572878) (quote -1713749042)) -2109882894)))) (+ (+ (quote -916452826) (- (quote 888315487) (+ -1449462987 (quote 1419179822)))) (- (+ 1210819224 (- (quote 36156526) -133163577)) (quote 2137624948)))) cons (+ (- (- (- (quote -493685860) -939558370) (+ -1074162332 2002494833)) (- (- (+ -1238275660 -823012945) (- (- (+ (quote -21925943) (quote 2081673675)) (+ 1469887780 (quote -189231416))) (+ (- (quote -523356324) -2019324285) (+ -1737282229 (+ 879332527 702378785))))) (quote -1865331075))) (- (+ (+ (quote 1681175151) (quote -490587510)) (- (- (- (quote 1052954689) (quote 1974757167)) (quote 380065817)) (+ (+ (+ (quote 435161018) 1104149670) (quote -1458912195)) (+ 624547166 -1352309600)))) (- (- (+ -258364826 (- (- -1856142361 (quote -288540279)) (- -751183087 -978875215))) -1600470373) (- (- (+ (+ -373592213 977605536) -1688674041) (- (- -1201073573 (quote -242806199)) -1847067388)) (- (+ -1975703351 1158896551) (- (quote -693619212) -1814530557)))))) (car (cons (>= (+ -208088465 (- (+ 1324669222 -1620949379) (+ (+ -697030910 34898642) (+ 557602913 (+ -636642885 -1289008005))))) (+ -464405471 (- (- (- (quote -944420724) (quote -1029053436)) (- -1296715069 (quote -392437093))) (quote 926589659)))) #f)))
oqdda
<fUw
((cons (quote <) (cons (+ (- (+ (+ (+ (+ (+ (quote 1652111762) (quote -1573507950)) (+ -1213495291 1029731150)) (+ -1266207503 -462310606)) (- (+ (- (quote -909985297) (- 986500714 (quote 1092020676))) (+ (- (quote 396008271) -712186537) (quote -2070372675))) (+ (- -1513874634 (quote -48470355)) (- (- (quote 804280529) -268049304) (+ (quote 1793384462) (quote -57712220)))))) (+ (+ (+ (quote -261211646) (quote 999043677)) (- (quote -301238306) (quote -339910883))) (+ 1354307289 (quote -1171386523)))) (- (- (+ (quote 1182136741) (quote -157687339)) 1489521729) (+ (+ (- (- 619601942 1607555364) (- 1380577353 (quote 1848784457))) (- -885522792 -164669858)) (+ (+ 312284576 (quote -1743920099)) (+ (- (+ -1136932632 (quote 470715437)) (+ -1797785740 94125588)) (- (quote -222593369) -945801133)))))) (- (- (- (quote 616683868) (+ (quote -312386277) (- -1192003966 (+ (quote -56648685) (quote -522509749))))) (+ (+ 1474270833 (+ (quote -817306066) (+ (quote -233029379) (- (quote -827899074) -1948643947)))) (+ (+ (quote -1595811492) (- (quote 1857261445) 256668390)) (- 1614960993 (+ (quote -228628592) 1589181525))))) (+ (- (- 1179481087 -401811555) (+ (quote 1923026507) -6323365)) (+ (+ (+ 2145606866 -1792775527) (+ -475903594 (quote 713988687))) (+ -1604279296 1630919608))))) #f)) quote -1250110126)
-14068313
#<void>
1932987825
>igg
((quote ioGB) quote 2141269355)
#f
#f
(-1502109646 . #f)
-1918776916
#f
-1465977858
#f
#f
322130675
#f
((quote exit) cons (cons (quote ((cons (- (- 848011271 (quote -112425477)) (+ (- 816233492 (+ -151619726 -833143254)) -2087860952)) (cons (+ (+ 1196640923 (+ (quote 1501929875) (quote -2028860111))) (- -1421357486 (+ (quote 1760632188) -1933086809))) (cons (quote #t) (- (quote 365635391) 1857344913)))) quote #f)) (car (cons (+ (+ (- (quote -1846114765) (+ (- (quote 145122607) (quote -422938008)) (quote -1516184519))) (+ (+ (quote -361973693) -217837688) (- 1322461547 (quote 91492206)))) (+ (- (quote -2121264896) (+ (quote 775567170) (+ (+ (quote -537774258) (quote 171786108)) (+ 154184708 -590647800)))) (- 1964681215 (- -931227403 -1562525210)))) (cons (+ (- (quote -693294685) (+ (+ (+ (quote -1085913633) (+ (quote -250509772) (quote 567733218))) -716798862) (+ (+ (quote 291390249) (quote 1192302153)) (quote -1550508753)))) (- (+ -1824343242 (+ (quote 604901213) 864934020)) (+ (+ (quote 1914397287) (+ (quote 971903428) -1706111144)) (+ 1652923319 (- (quote -1481062785) 175262529))))) (cons #t (quote ())))))) 2068741585)
#t
-1248169167
#t
SjkM
exit
#t
cdr
((cdr (+ (+ (- (- 548483196 (quote -392597754)) (- (- (quote -418013683) -1687705969) 83879978)) (- (quote 134738267) (+ (- (quote 1654071329) (quote 2045607972)) (- (quote 190884880) -683407984)))) (+ (+ (- 1836384642 940606694) (- (quote -1761299862) (+ 1255959218 -1530278453))) (- (- (- 786687527 (quote -35200017)) (+ (+ -1108313100 (quote 203221917)) (quote 2108764181))) (+ (+ -1700552384 344723099) (- 712338047 (quote -468216614)))))) quote ((quote ((- (- (- (quote 690335676) (- (- -409145877 -1447315702) (- 318069412 -313025956))) (- (- (quote 1980645007) (+ 1700081096 376760750)) (+ 513441138 (quote -1709420738)))) (+ (+ (quote -1060666264) (quote 596690738)) (+ (+ 183500534 -398162241) (+ (+ 400148765 275534133) (quote -1414664090))))) quote #f)) quote ((+ (- (+ (quote -933527702) (quote 2029599714)) (- (+ 1251338121 (quote -49249038)) 149309694)) (+ -778249273 (quote -1053084912))) quote ((+ (quote 1536266676) (+ -129568296 (- (quote -1898441647) (quote -1390446208)))) cons (quote exit) (cons (quote ((quote k) quote -1475140898)) (- (- 664018920 (quote -90325570)) 683994744)))))) . -1059831898)
#t
((<= (+ (+ (+ (+ (- (quote -1970829221) (- -930701323 (quote 895064709))) (- (+ 1866837109 (quote -328480637)) (+ 1731039226 191994394))) -1607572458) (+ 1237001543 (- (- 260894105 (- 1933101621 1395010310)) (+ 297576108 (+ (quote -2027394662) (- (quote -1040183706) -1658097466)))))) (+ (+ (- (+ (+ (+ (quote 429417766) 1211830203) (quote -1275720095)) (+ (+ (quote 1408522190) -1911592715) (+ 1134768487 139961844))) (- (+ (quote 1646907461) (- (quote -827499007) -296060349)) (- (- 1224552559 (quote -569927860)) 2021546046))) 1331845130) (- (+ (- (+ -1454234190 (quote 2037402871)) (+ -406629764 (quote 1694824821))) (+ (+ (quote -1339707980) (quote -97647326)) (+ (+ (quote 670315746) -1767321159) (- (quote 1197629221) 90118880)))) -1333141282))) (- (quote -188863161) (quote -1796445812))) car (cons (+ (- (- (+ -15423908 -1206256047) -1881799680) (- (- (- (- (quote 587393080) (quote -292866279)) (quote 1512716309)) (quote 161942441)) (+ (- (- (quote -984401968) (quote -725989022)) (+ (- (+ 1220991828 -533462256) (+ 512214763 (quote -423807315))) (+ (- (quote -598936737) -1427799559) (+ 465594358 -1444203433)))) (- 636422715 (- (quote 695361468) (- 1711097680 (quote 1941088604))))))) -2109125978) (quote ())))
void
void
()
((quote #f) - (- (- (+ -957040436 (quote 626696837)) (+ (quote 437589409) -1908907257)) (+ 343657960 (+ (- 557810700 (quote -1580334082)) -770704833))) (+ (- (+ -773101119 (quote 1364261637)) (+ (+ 195572098 (+ (quote -722980870) 68761929)) (quote 1149642535))) (+ (- 774889817 (quote -268290810)) 553948893)))
e
-82165539
((+ (+ (+ (- (quote -957539962) (quote -1318719301)) (+ (quote 1531978500) (quote -1416369378))) (+ (- (- (quote 1725494667) 1244386808) (+ -927005329 2055989901)) (- (+ (quote -100037017) (quote 325963448)) (- (quote -132146328) -1216596496)))) -66340901) quote #t)
n.MpY
1139953892
#t
cdr
exit
#t
#<void>
#<void>
((cons (quote void) (quote exit)) quote =)
#t
1109422713
1793562873
()
#f
cdr
((quote exit) + (- (- (- (- (quote -295386233) (quote 213933970)) (+ (- (+ (quote 1043181908) (quote -435412797)) 1527650887) (+ (+ -293154456 (quote 1734424595)) (quote -1804322346)))) (+ (+ (+ (- 674404138 (quote -519242015)) (- 409114464 1515683547)) -1880490913) (quote 1432694937))) (+ (- (+ (quote 1755745769) -1132266516) (quote -682399419)) 360243077)) (- 317611061 (+ (- (quote -1227544482) (+ (- (quote -756609256) (quote -2043076375)) (quote -997199108))) (- (- (- (quote 625349095) (+ -567136201 -932252139)) (- (+ 1357942357 (- 161283900 (quote 1196735641))) (+ 1265678840 -1580841697))) (- 1584939251 (quote 403044674))))))
(((- (- (- 1228375729 1678414700) (- (+ 103895770 (quote -1326372647)) (quote -1865012622))) (+ (+ 1108309576 (+ (+ (quote -1763511834) 183158635) 1196218969)) (+ (- -1371952357 -498564283) (- -1310701028 (- (+ (quote -1664035999) (quote 760554303)) -837866425))))) - (+ (- (quote -13383224) (quote 2133037520)) (+ 2077480987 (+ (quote 511690220) (quote -756171722)))) (- (+ (- (quote 1274032223) 862353724) (- (- (+ (+ -1506091172 1686733925) (+ (- (quote -1709206511) (quote 160001452)) (- 771345418 -862660603))) (+ (quote 50021326) (+ (- (quote 1463236705) 1060015370) (- (quote 121223568) (quote 1306315426))))) (+ (- -206013022 -1209170149) (+ (+ (- (quote 1694392312) 665018797) -1750952443) (- (quote -65810584) -50911164))))) 625710436)) . 1535950176)
#t
#f
<=
#f
11919104
(cons . #t)
((quote ((cdr (cons (+ 5214549 (+ 202208089 (- (- (quote -335866446) (- (quote -1317946333) -1890973483)) (+ (quote -1010567502) (- 1644002597 1588035521))))) (quote Z>D-))) . #f)) quote cdr)
#t
